<?xml version="1.0" encoding="utf-8"?>
<CoverageSession xmlns:xsd="http://www.w3.org/2001/XMLSchema" xmlns:xsi="http://www.w3.org/2001/XMLSchema-instance">
  <Summary numSequencePoints="2841" visitedSequencePoints="2798" numBranchPoints="686" visitedBranchPoints="655" sequenceCoverage="98.49" branchCoverage="95.48" maxCyclomaticComplexity="10" minCyclomaticComplexity="1" visitedClasses="58" numClasses="58" visitedMethods="385" numMethods="393" />
  <Modules>
    <Module skippedDueTo="Filter" hash="64-3D-40-4B-6D-8E-25-3C-0B-96-40-C4-56-92-E9-C6-82-E0-6A-44">
      <ModulePath>C:\Windows\Microsoft.Net\assembly\GAC_64\mscorlib\v4.0_4.0.0.0__b77a5c561934e089\mscorlib.dll</ModulePath>
      <ModuleTime>2016-04-28T02:26:52.636468Z</ModuleTime>
      <ModuleName>mscorlib</ModuleName>
      <Classes />
    </Module>
    <Module skippedDueTo="Filter" hash="C9-73-ED-04-00-C6-51-60-27-F2-A0-0B-90-05-B8-86-6E-DB-6B-00">
      <ModulePath>C:\Users\nicolas.rose\Documents\Repositories\PokerBot\packages\xunit.runner.console.2.1.0\tools\xunit.console.exe</ModulePath>
      <ModuleTime>2015-09-27T14:34:28Z</ModuleTime>
      <ModuleName>xunit.console</ModuleName>
      <Classes />
    </Module>
    <Module skippedDueTo="Filter" hash="2C-BE-1B-C3-02-35-ED-A0-CC-7C-AB-BA-F1-C5-8D-DE-79-03-01-9A">
      <ModulePath>C:\Users\nicolas.rose\Documents\Repositories\PokerBot\packages\xunit.runner.console.2.1.0\tools\xunit.runner.utility.desktop.dll</ModulePath>
      <ModuleTime>2015-09-27T14:34:28Z</ModuleTime>
      <ModuleName>xunit.runner.utility.desktop</ModuleName>
      <Classes />
    </Module>
    <Module skippedDueTo="Filter" hash="9E-A9-5D-7F-86-82-4D-02-7D-07-AD-C0-17-06-5D-73-8F-1F-28-44">
      <ModulePath>C:\Users\nicolas.rose\Documents\Repositories\PokerBot\packages\xunit.runner.console.2.1.0\tools\xunit.abstractions.dll</ModulePath>
      <ModuleTime>2015-09-27T14:34:28Z</ModuleTime>
      <ModuleName>xunit.abstractions</ModuleName>
      <Classes />
    </Module>
    <Module skippedDueTo="Filter" hash="6D-E2-C1-DC-D0-43-62-D5-0D-26-7F-96-9C-67-32-F2-C7-1C-04-6F">
      <ModulePath>C:\Windows\Microsoft.Net\assembly\GAC_MSIL\System.Core\v4.0_4.0.0.0__b77a5c561934e089\System.Core.dll</ModulePath>
      <ModuleTime>2015-10-30T07:19:34.0182785Z</ModuleTime>
      <ModuleName>System.Core</ModuleName>
      <Classes />
    </Module>
    <Module skippedDueTo="Filter" hash="AA-84-EA-4A-FD-23-17-44-E5-3B-73-2A-3D-B6-0E-17-EE-E1-53-6A">
      <ModulePath>C:\Users\nicolas.rose\Documents\Repositories\PokerBot\packages\xunit.runner.console.2.1.0\tools\xunit.runner.reporters.desktop.dll</ModulePath>
      <ModuleTime>2015-09-27T14:34:28Z</ModuleTime>
      <ModuleName>xunit.runner.reporters.desktop</ModuleName>
      <Classes />
    </Module>
    <Module skippedDueTo="Filter" hash="4F-21-10-E6-18-64-7D-61-84-1D-01-2E-E8-10-CE-5F-73-21-43-95">
      <ModulePath>C:\Windows\Microsoft.Net\assembly\GAC_MSIL\System.Net.Http\v4.0_4.0.0.0__b03f5f7f11d50a3a\System.Net.Http.dll</ModulePath>
      <ModuleTime>2015-10-30T07:19:38.1276408Z</ModuleTime>
      <ModuleName>System.Net.Http</ModuleName>
      <Classes />
    </Module>
    <Module skippedDueTo="Filter" hash="C0-93-FE-4F-FD-12-B2-6F-B4-CA-85-4A-31-E8-FF-BB-2B-7C-0C-73">
      <ModulePath>C:\Windows\Microsoft.Net\assembly\GAC_MSIL\System\v4.0_4.0.0.0__b77a5c561934e089\System.dll</ModulePath>
      <ModuleTime>2016-04-27T06:31:03.8601995Z</ModuleTime>
      <ModuleName>System</ModuleName>
      <Classes />
    </Module>
    <Module skippedDueTo="Filter" hash="65-B8-BC-4F-DE-6A-30-F3-64-59-5A-C9-05-07-F8-0D-00-CC-11-47">
      <ModulePath>C:\Windows\Microsoft.Net\assembly\GAC_64\System.Web\v4.0_4.0.0.0__b03f5f7f11d50a3a\System.Web.dll</ModulePath>
      <ModuleTime>2016-02-24T01:49:04.6045612Z</ModuleTime>
      <ModuleName>System.Web</ModuleName>
      <Classes />
    </Module>
    <Module skippedDueTo="Filter" hash="49-F6-B9-FA-89-1F-12-21-02-F2-B4-EB-98-8E-A0-5F-9D-8D-B9-EB">
      <ModulePath>C:\Windows\Microsoft.Net\assembly\GAC_MSIL\System.Configuration\v4.0_4.0.0.0__b03f5f7f11d50a3a\System.Configuration.dll</ModulePath>
      <ModuleTime>2015-10-30T07:19:36.3463962Z</ModuleTime>
      <ModuleName>System.Configuration</ModuleName>
      <Classes />
    </Module>
    <Module skippedDueTo="Filter" hash="14-44-50-38-34-98-5F-C6-45-8B-50-B5-CF-D7-E1-0A-28-8F-5E-E8">
      <ModulePath>C:\Windows\Microsoft.Net\assembly\GAC_MSIL\System.Xml\v4.0_4.0.0.0__b77a5c561934e089\System.Xml.dll</ModulePath>
      <ModuleTime>2016-01-23T02:45:41.3556585Z</ModuleTime>
      <ModuleName>System.Xml</ModuleName>
      <Classes />
    </Module>
    <Module skippedDueTo="Filter" hash="1D-43-36-2D-8B-2E-33-CE-61-DD-23-FB-CF-4A-31-FA-99-EF-8A-A3">
      <ModulePath>C:\Windows\Microsoft.Net\assembly\GAC_MSIL\System.Xml.Linq\v4.0_4.0.0.0__b77a5c561934e089\System.Xml.Linq.dll</ModulePath>
      <ModuleTime>2015-10-30T07:19:31.658911Z</ModuleTime>
      <ModuleName>System.Xml.Linq</ModuleName>
      <Classes />
    </Module>
    <Module skippedDueTo="Filter" hash="2C-BE-1B-C3-02-35-ED-A0-CC-7C-AB-BA-F1-C5-8D-DE-79-03-01-9A">
      <ModulePath>C:\Users\nicolas.rose\AppData\Local\Temp\fbdf438d-c172-4bb6-8c23-8eacb8ac3aff\fbdf438d-c172-4bb6-8c23-8eacb8ac3aff\assembly\dl3\c3cd1598\00b2359d_31f9d001\xunit.runner.utility.desktop.dll</ModulePath>
      <ModuleTime>2016-08-10T13:27:07.6002066Z</ModuleTime>
      <ModuleName>xunit.runner.utility.desktop</ModuleName>
      <Classes />
    </Module>
    <Module skippedDueTo="Filter" hash="6D-E2-C1-DC-D0-43-62-D5-0D-26-7F-96-9C-67-32-F2-C7-1C-04-6F">
      <ModulePath>C:\Windows\Microsoft.Net\assembly\GAC_MSIL\System.Core\v4.0_4.0.0.0__b77a5c561934e089\System.Core.dll</ModulePath>
      <ModuleTime>2015-10-30T07:19:34.0182785Z</ModuleTime>
      <ModuleName>System.Core</ModuleName>
      <Classes />
    </Module>
    <Module skippedDueTo="Filter" hash="C0-93-FE-4F-FD-12-B2-6F-B4-CA-85-4A-31-E8-FF-BB-2B-7C-0C-73">
      <ModulePath>C:\Windows\Microsoft.Net\assembly\GAC_MSIL\System\v4.0_4.0.0.0__b77a5c561934e089\System.dll</ModulePath>
      <ModuleTime>2016-04-27T06:31:03.8601995Z</ModuleTime>
      <ModuleName>System</ModuleName>
      <Classes />
    </Module>
    <Module skippedDueTo="Filter" hash="">
      <ModulePath>RefEmit_InMemoryManifestModule</ModulePath>
      <ModuleTime>0001-01-01T00:00:00</ModuleTime>
      <ModuleName>Anonymously Hosted DynamicMethods Assembly</ModuleName>
      <Classes />
    </Module>
    <Module hash="A2-81-F7-F3-9F-80-40-94-97-F7-DD-8E-F2-CC-04-EA-3A-5D-E9-6A">
      <Summary numSequencePoints="1365" visitedSequencePoints="1362" numBranchPoints="194" visitedBranchPoints="193" sequenceCoverage="99.78" branchCoverage="99.48" maxCyclomaticComplexity="3" minCyclomaticComplexity="0" visitedClasses="27" numClasses="27" visitedMethods="173" numMethods="174" />
      <ModulePath>C:\Users\nicolas.rose\Documents\Repositories\PokerBot\PokerBotUnitTests\bin\Debug\Nicomputer.PokerBot.UnitTests.dll</ModulePath>
      <ModuleTime>2016-08-10T13:22:07.0299212Z</ModuleTime>
      <ModuleName>Nicomputer.PokerBot.UnitTests</ModuleName>
      <Files>
        <File uid="1" fullPath="C:\Users\nicolas.rose\Documents\Repositories\PokerBot\PokerBotUnitTests\PokerGame\HandPlayEngineUnitTests.cs" />
        <File uid="3" fullPath="C:\Users\nicolas.rose\Documents\Repositories\PokerBot\PokerBotUnitTests\PokerGame\PlayerUnitTests.cs" />
        <File uid="4" fullPath="C:\Users\nicolas.rose\Documents\Repositories\PokerBot\PokerBotUnitTests\PokerGame\SeatUnitTests.cs" />
        <File uid="5" fullPath="C:\Users\nicolas.rose\Documents\Repositories\PokerBot\PokerBotUnitTests\PokerGame\DealerUnitTests.cs" />
        <File uid="6" fullPath="C:\Users\nicolas.rose\Documents\Repositories\PokerBot\PokerBotUnitTests\PokerGame\TableUnitTests.cs" />
        <File uid="8" fullPath="C:\Users\nicolas.rose\Documents\Repositories\PokerBot\PokerBotUnitTests\Hands\ThreeOfAKindUnitTests.cs" />
        <File uid="9" fullPath="C:\Users\nicolas.rose\Documents\Repositories\PokerBot\PokerBotUnitTests\Hands\OnePairUnitTests.cs" />
        <File uid="10" fullPath="C:\Users\nicolas.rose\Documents\Repositories\PokerBot\PokerBotUnitTests\Hands\StraightUnitTests.cs" />
        <File uid="11" fullPath="C:\Users\nicolas.rose\Documents\Repositories\PokerBot\PokerBotUnitTests\Hands\TwoPairsUnitTests.cs" />
        <File uid="12" fullPath="C:\Users\nicolas.rose\Documents\Repositories\PokerBot\PokerBotUnitTests\Hands\HighCardUnitTests.cs" />
        <File uid="13" fullPath="C:\Users\nicolas.rose\Documents\Repositories\PokerBot\PokerBotUnitTests\Hands\FullHouseUnitTests.cs" />
        <File uid="14" fullPath="C:\Users\nicolas.rose\Documents\Repositories\PokerBot\PokerBotUnitTests\Hands\FlushUnitTests.cs" />
        <File uid="15" fullPath="C:\Users\nicolas.rose\Documents\Repositories\PokerBot\PokerBotUnitTests\Hands\FourOfAKindUnitTests.cs" />
        <File uid="16" fullPath="C:\Users\nicolas.rose\Documents\Repositories\PokerBot\PokerBotUnitTests\Hands\StraightFlushUnitTests.cs" />
        <File uid="17" fullPath="C:\Users\nicolas.rose\Documents\Repositories\PokerBot\PokerBotUnitTests\Hands\PokerHandComparaisonUnitTests.cs" />
        <File uid="18" fullPath="C:\Users\nicolas.rose\Documents\Repositories\PokerBot\PokerBotUnitTests\Hands\PokerHandUnitTests.cs" />
        <File uid="19" fullPath="C:\Users\nicolas.rose\Documents\Repositories\PokerBot\PokerBotUnitTests\Hands\PokerHandAnalyzerUnitTests.cs" />
        <File uid="20" fullPath="C:\Users\nicolas.rose\Documents\Repositories\PokerBot\PokerBotUnitTests\Common\PokerGameUnitTestsHelper.cs" />
        <File uid="21" fullPath="C:\Users\nicolas.rose\Documents\Repositories\PokerBot\PokerBotUnitTests\Cards\CardsCollectionUnitTests.cs" />
        <File uid="22" fullPath="C:\Users\nicolas.rose\Documents\Repositories\PokerBot\PokerBotUnitTests\Cards\CardsAnalyzerUnitTests.cs" />
        <File uid="23" fullPath="C:\Users\nicolas.rose\Documents\Repositories\PokerBot\PokerBotUnitTests\Cards\BinaryOperationsUnitTests.cs" />
        <File uid="24" fullPath="C:\Users\nicolas.rose\Documents\Repositories\PokerBot\PokerBotUnitTests\Cards\MaskBitsUnitTests.cs" />
        <File uid="25" fullPath="C:\Users\nicolas.rose\Documents\Repositories\PokerBot\PokerBotUnitTests\Cards\CardUnitTests.cs" />
        <File uid="26" fullPath="C:\Users\nicolas.rose\Documents\Repositories\PokerBot\PokerBotUnitTests\Cards\Deck52CardsUnitTests.cs" />
        <File uid="27" fullPath="C:\Users\nicolas.rose\Documents\Repositories\PokerBot\PokerBotUnitTests\Cards\HoleCardsUnitTests.cs" />
      </Files>
      <Classes>
        <Class>
          <Summary numSequencePoints="0" visitedSequencePoints="0" numBranchPoints="0" visitedBranchPoints="0" sequenceCoverage="0" branchCoverage="0" maxCyclomaticComplexity="0" minCyclomaticComplexity="0" visitedClasses="0" numClasses="0" visitedMethods="0" numMethods="0" />
          <FullName>&lt;Module&gt;</FullName>
          <Methods />
        </Class>
        <Class>
          <Summary numSequencePoints="36" visitedSequencePoints="36" numBranchPoints="5" visitedBranchPoints="5" sequenceCoverage="100" branchCoverage="100" maxCyclomaticComplexity="3" minCyclomaticComplexity="1" visitedClasses="1" numClasses="1" visitedMethods="3" numMethods="3" />
          <FullName>Nicomputer.PokerBot.UnitTests.PokerGame.HandPlayEngineUnitTests</FullName>
          <Methods>
            <Method visited="true" cyclomaticComplexity="1" nPathComplexity="0" sequenceCoverage="100" branchCoverage="100" isConstructor="false" isStatic="false" isGetter="false" isSetter="false">
              <Summary numSequencePoints="4" visitedSequencePoints="4" numBranchPoints="1" visitedBranchPoints="1" sequenceCoverage="100" branchCoverage="100" maxCyclomaticComplexity="1" minCyclomaticComplexity="1" visitedClasses="0" numClasses="0" visitedMethods="1" numMethods="1" />
              <MetadataToken>100663297</MetadataToken>
              <Name>System.Void Nicomputer.PokerBot.UnitTests.PokerGame.HandPlayEngineUnitTests::Table_Is_Not_Opened()</Name>
              <FileRef uid="1" />
              <SequencePoints>
                <SequencePoint vc="1" uspid="1" ordinal="0" offset="6" sl="14" sc="9" el="14" ec="10" bec="0" bev="0" fileid="1" />
                <SequencePoint vc="1" uspid="2" ordinal="1" offset="7" sl="15" sc="13" el="15" ec="38" bec="0" bev="0" fileid="1" />
                <SequencePoint vc="1" uspid="3" ordinal="2" offset="20" sl="16" sc="13" el="16" ec="87" bec="0" bev="0" fileid="1" />
                <SequencePoint vc="1" uspid="4" ordinal="3" offset="38" sl="17" sc="9" el="17" ec="10" bec="0" bev="0" fileid="1" />
              </SequencePoints>
              <BranchPoints />
              <MethodPoint vc="1" uspid="5" ordinal="0" offset="0" />
            </Method>
            <Method visited="true" cyclomaticComplexity="1" nPathComplexity="0" sequenceCoverage="100" branchCoverage="100" isConstructor="false" isStatic="false" isGetter="false" isSetter="false">
              <Summary numSequencePoints="17" visitedSequencePoints="17" numBranchPoints="1" visitedBranchPoints="1" sequenceCoverage="100" branchCoverage="100" maxCyclomaticComplexity="1" minCyclomaticComplexity="1" visitedClasses="0" numClasses="0" visitedMethods="1" numMethods="1" />
              <MetadataToken>100663298</MetadataToken>
              <Name>System.Void Nicomputer.PokerBot.UnitTests.PokerGame.HandPlayEngineUnitTests::Table_Is_Opened()</Name>
              <FileRef uid="1" />
              <SequencePoints>
                <SequencePoint vc="1" uspid="6" ordinal="0" offset="0" sl="22" sc="9" el="22" ec="10" bec="0" bev="0" fileid="1" />
                <SequencePoint vc="1" uspid="7" ordinal="1" offset="1" sl="23" sc="13" el="23" ec="75" bec="0" bev="0" fileid="1" />
                <SequencePoint vc="1" uspid="8" ordinal="2" offset="11" sl="24" sc="13" el="24" ec="54" bec="0" bev="0" fileid="1" />
                <SequencePoint vc="1" uspid="9" ordinal="3" offset="18" sl="25" sc="13" el="25" ec="41" bec="0" bev="0" fileid="1" />
                <SequencePoint vc="1" uspid="10" ordinal="4" offset="31" sl="26" sc="13" el="26" ec="28" bec="0" bev="0" fileid="1" />
                <SequencePoint vc="1" uspid="11" ordinal="5" offset="38" sl="27" sc="13" el="27" ec="41" bec="0" bev="0" fileid="1" />
                <SequencePoint vc="1" uspid="12" ordinal="6" offset="51" sl="28" sc="13" el="28" ec="51" bec="0" bev="0" fileid="1" />
                <SequencePoint vc="1" uspid="13" ordinal="7" offset="64" sl="29" sc="13" el="29" ec="55" bec="0" bev="0" fileid="1" />
                <SequencePoint vc="1" uspid="14" ordinal="8" offset="77" sl="30" sc="13" el="30" ec="53" bec="0" bev="0" fileid="1" />
                <SequencePoint vc="1" uspid="15" ordinal="9" offset="90" sl="31" sc="13" el="31" ec="37" bec="0" bev="0" fileid="1" />
                <SequencePoint vc="1" uspid="16" ordinal="10" offset="98" sl="32" sc="13" el="32" ec="28" bec="0" bev="0" fileid="1" />
                <SequencePoint vc="1" uspid="17" ordinal="11" offset="105" sl="33" sc="13" el="33" ec="41" bec="0" bev="0" fileid="1" />
                <SequencePoint vc="1" uspid="18" ordinal="12" offset="118" sl="34" sc="13" el="34" ec="51" bec="0" bev="0" fileid="1" />
                <SequencePoint vc="1" uspid="19" ordinal="13" offset="131" sl="35" sc="13" el="35" ec="55" bec="0" bev="0" fileid="1" />
                <SequencePoint vc="1" uspid="20" ordinal="14" offset="144" sl="36" sc="13" el="36" ec="53" bec="0" bev="0" fileid="1" />
                <SequencePoint vc="1" uspid="21" ordinal="15" offset="157" sl="37" sc="13" el="37" ec="37" bec="0" bev="0" fileid="1" />
                <SequencePoint vc="1" uspid="22" ordinal="16" offset="165" sl="38" sc="9" el="38" ec="10" bec="0" bev="0" fileid="1" />
              </SequencePoints>
              <BranchPoints />
              <MethodPoint xsi:type="SequencePoint" vc="1" uspid="6" ordinal="0" offset="0" sl="22" sc="9" el="22" ec="10" bec="0" bev="0" fileid="1" />
            </Method>
            <Method visited="true" cyclomaticComplexity="3" nPathComplexity="2" sequenceCoverage="100" branchCoverage="100" isConstructor="false" isStatic="false" isGetter="false" isSetter="false">
              <Summary numSequencePoints="15" visitedSequencePoints="15" numBranchPoints="3" visitedBranchPoints="3" sequenceCoverage="100" branchCoverage="100" maxCyclomaticComplexity="3" minCyclomaticComplexity="3" visitedClasses="0" numClasses="0" visitedMethods="1" numMethods="1" />
              <MetadataToken>100663299</MetadataToken>
              <Name>System.Void Nicomputer.PokerBot.UnitTests.PokerGame.HandPlayEngineUnitTests::AssertWinners(Nicomputer.PokerBot.PokerGame.HandPlayEngine)</Name>
              <FileRef uid="1" />
              <SequencePoints>
                <SequencePoint vc="2" uspid="23" ordinal="0" offset="0" sl="41" sc="9" el="41" ec="10" bec="0" bev="0" fileid="1" />
                <SequencePoint vc="2" uspid="24" ordinal="1" offset="1" sl="42" sc="13" el="42" ec="38" bec="0" bev="0" fileid="1" />
                <SequencePoint vc="2" uspid="25" ordinal="2" offset="3" sl="43" sc="13" el="43" ec="20" bec="0" bev="0" fileid="1" />
                <SequencePoint vc="2" uspid="26" ordinal="3" offset="4" sl="43" sc="32" el="43" ec="63" bec="0" bev="0" fileid="1" />
                <SequencePoint vc="18" uspid="27" ordinal="4" offset="23" sl="43" sc="22" el="43" ec="28" bec="0" bev="0" fileid="1" />
                <SequencePoint vc="18" uspid="28" ordinal="5" offset="31" sl="44" sc="13" el="44" ec="14" bec="0" bev="0" fileid="1" />
                <SequencePoint vc="18" uspid="29" ordinal="6" offset="32" sl="45" sc="17" el="45" ec="43" bec="2" bev="2" fileid="1" />
                <SequencePoint vc="2" uspid="30" ordinal="7" offset="42" sl="46" sc="17" el="46" ec="18" bec="0" bev="0" fileid="1" />
                <SequencePoint vc="2" uspid="31" ordinal="8" offset="43" sl="47" sc="21" el="47" ec="57" bec="0" bev="0" fileid="1" />
                <SequencePoint vc="2" uspid="32" ordinal="9" offset="50" sl="48" sc="21" el="48" ec="30" bec="0" bev="0" fileid="1" />
                <SequencePoint vc="16" uspid="33" ordinal="10" offset="52" sl="50" sc="17" el="50" ec="57" bec="0" bev="0" fileid="1" />
                <SequencePoint vc="16" uspid="34" ordinal="11" offset="59" sl="51" sc="17" el="51" ec="66" bec="0" bev="0" fileid="1" />
                <SequencePoint vc="16" uspid="35" ordinal="12" offset="72" sl="52" sc="13" el="52" ec="14" bec="0" bev="0" fileid="1" />
                <SequencePoint vc="20" uspid="36" ordinal="13" offset="73" sl="43" sc="29" el="43" ec="31" bec="0" bev="0" fileid="1" />
                <SequencePoint vc="2" uspid="37" ordinal="14" offset="99" sl="53" sc="9" el="53" ec="10" bec="0" bev="0" fileid="1" />
              </SequencePoints>
              <BranchPoints>
                <BranchPoint vc="2" uspid="38" ordinal="0" offset="40" sl="45" path="0" offsetend="42" fileid="1" />
                <BranchPoint vc="16" uspid="39" ordinal="1" offset="40" sl="45" path="1" offsetend="52" fileid="1" />
              </BranchPoints>
              <MethodPoint xsi:type="SequencePoint" vc="2" uspid="23" ordinal="0" offset="0" sl="41" sc="9" el="41" ec="10" bec="0" bev="0" fileid="1" />
            </Method>
            <Method visited="true" cyclomaticComplexity="1" nPathComplexity="0" sequenceCoverage="0" branchCoverage="0" isConstructor="true" isStatic="false" isGetter="false" isSetter="false">
              <Summary numSequencePoints="0" visitedSequencePoints="0" numBranchPoints="0" visitedBranchPoints="0" sequenceCoverage="0" branchCoverage="0" maxCyclomaticComplexity="1" minCyclomaticComplexity="1" visitedClasses="0" numClasses="0" visitedMethods="0" numMethods="0" />
              <MetadataToken>100663300</MetadataToken>
              <Name>System.Void Nicomputer.PokerBot.UnitTests.PokerGame.HandPlayEngineUnitTests::.ctor()</Name>
              <SequencePoints />
              <BranchPoints />
              <MethodPoint vc="2" uspid="42" ordinal="0" offset="0" />
            </Method>
          </Methods>
        </Class>
        <Class>
          <Summary numSequencePoints="1" visitedSequencePoints="1" numBranchPoints="1" visitedBranchPoints="1" sequenceCoverage="100" branchCoverage="100" maxCyclomaticComplexity="1" minCyclomaticComplexity="1" visitedClasses="1" numClasses="1" visitedMethods="1" numMethods="1" />
          <FullName>Nicomputer.PokerBot.UnitTests.PokerGame.HandPlayEngineUnitTests/&lt;&gt;c__DisplayClass0_0</FullName>
          <Methods>
            <Method visited="true" cyclomaticComplexity="1" nPathComplexity="0" sequenceCoverage="0" branchCoverage="0" isConstructor="true" isStatic="false" isGetter="false" isSetter="false">
              <Summary numSequencePoints="0" visitedSequencePoints="0" numBranchPoints="0" visitedBranchPoints="0" sequenceCoverage="0" branchCoverage="0" maxCyclomaticComplexity="1" minCyclomaticComplexity="1" visitedClasses="0" numClasses="0" visitedMethods="0" numMethods="0" />
              <MetadataToken>100663494</MetadataToken>
              <Name>System.Void Nicomputer.PokerBot.UnitTests.PokerGame.HandPlayEngineUnitTests/&lt;&gt;c__DisplayClass0_0::.ctor()</Name>
              <SequencePoints />
              <BranchPoints />
              <MethodPoint vc="1" uspid="43" ordinal="0" offset="0" />
            </Method>
            <Method visited="true" cyclomaticComplexity="1" nPathComplexity="0" sequenceCoverage="100" branchCoverage="100" isConstructor="false" isStatic="false" isGetter="false" isSetter="false">
              <Summary numSequencePoints="1" visitedSequencePoints="1" numBranchPoints="1" visitedBranchPoints="1" sequenceCoverage="100" branchCoverage="100" maxCyclomaticComplexity="1" minCyclomaticComplexity="1" visitedClasses="0" numClasses="0" visitedMethods="1" numMethods="1" />
              <MetadataToken>100663495</MetadataToken>
              <Name>System.Object Nicomputer.PokerBot.UnitTests.PokerGame.HandPlayEngineUnitTests/&lt;&gt;c__DisplayClass0_0::&lt;Table_Is_Not_Opened&gt;b__0()</Name>
              <FileRef uid="1" />
              <SequencePoints>
                <SequencePoint vc="1" uspid="44" ordinal="0" offset="0" sl="16" sc="60" el="16" ec="85" bec="0" bev="0" fileid="1" />
              </SequencePoints>
              <BranchPoints />
              <MethodPoint xsi:type="SequencePoint" vc="1" uspid="44" ordinal="0" offset="0" sl="16" sc="60" el="16" ec="85" bec="0" bev="0" fileid="1" />
            </Method>
          </Methods>
        </Class>
        <Class>
          <Summary numSequencePoints="7" visitedSequencePoints="7" numBranchPoints="1" visitedBranchPoints="1" sequenceCoverage="100" branchCoverage="100" maxCyclomaticComplexity="1" minCyclomaticComplexity="1" visitedClasses="1" numClasses="1" visitedMethods="1" numMethods="1" />
          <FullName>Nicomputer.PokerBot.UnitTests.PokerGame.PlayerUnitTests</FullName>
          <Methods>
            <Method visited="true" cyclomaticComplexity="1" nPathComplexity="0" sequenceCoverage="100" branchCoverage="100" isConstructor="false" isStatic="false" isGetter="false" isSetter="false">
              <Summary numSequencePoints="7" visitedSequencePoints="7" numBranchPoints="1" visitedBranchPoints="1" sequenceCoverage="100" branchCoverage="100" maxCyclomaticComplexity="1" minCyclomaticComplexity="1" visitedClasses="0" numClasses="0" visitedMethods="1" numMethods="1" />
              <MetadataToken>100663301</MetadataToken>
              <Name>System.Void Nicomputer.PokerBot.UnitTests.PokerGame.PlayerUnitTests::Player_Constructor()</Name>
              <FileRef uid="3" />
              <SequencePoints>
                <SequencePoint vc="1" uspid="45" ordinal="0" offset="0" sl="11" sc="9" el="11" ec="10" bec="0" bev="0" fileid="3" />
                <SequencePoint vc="1" uspid="46" ordinal="1" offset="1" sl="12" sc="13" el="17" ec="15" bec="0" bev="0" fileid="3" />
                <SequencePoint vc="1" uspid="47" ordinal="2" offset="43" sl="18" sc="13" el="18" ec="51" bec="0" bev="0" fileid="3" />
                <SequencePoint vc="1" uspid="48" ordinal="3" offset="60" sl="19" sc="13" el="19" ec="56" bec="0" bev="0" fileid="3" />
                <SequencePoint vc="1" uspid="49" ordinal="4" offset="77" sl="20" sc="13" el="20" ec="53" bec="0" bev="0" fileid="3" />
                <SequencePoint vc="1" uspid="50" ordinal="5" offset="94" sl="21" sc="13" el="21" ec="58" bec="0" bev="0" fileid="3" />
                <SequencePoint vc="1" uspid="51" ordinal="6" offset="112" sl="22" sc="9" el="22" ec="10" bec="0" bev="0" fileid="3" />
              </SequencePoints>
              <BranchPoints />
              <MethodPoint xsi:type="SequencePoint" vc="1" uspid="45" ordinal="0" offset="0" sl="11" sc="9" el="11" ec="10" bec="0" bev="0" fileid="3" />
            </Method>
            <Method visited="true" cyclomaticComplexity="1" nPathComplexity="0" sequenceCoverage="0" branchCoverage="0" isConstructor="true" isStatic="false" isGetter="false" isSetter="false">
              <Summary numSequencePoints="0" visitedSequencePoints="0" numBranchPoints="0" visitedBranchPoints="0" sequenceCoverage="0" branchCoverage="0" maxCyclomaticComplexity="1" minCyclomaticComplexity="1" visitedClasses="0" numClasses="0" visitedMethods="0" numMethods="0" />
              <MetadataToken>100663302</MetadataToken>
              <Name>System.Void Nicomputer.PokerBot.UnitTests.PokerGame.PlayerUnitTests::.ctor()</Name>
              <SequencePoints />
              <BranchPoints />
              <MethodPoint vc="1" uspid="52" ordinal="0" offset="0" />
            </Method>
          </Methods>
        </Class>
        <Class>
          <Summary numSequencePoints="12" visitedSequencePoints="12" numBranchPoints="2" visitedBranchPoints="2" sequenceCoverage="100" branchCoverage="100" maxCyclomaticComplexity="1" minCyclomaticComplexity="1" visitedClasses="1" numClasses="1" visitedMethods="2" numMethods="2" />
          <FullName>Nicomputer.PokerBot.UnitTests.PokerGame.SeatUnitTests</FullName>
          <Methods>
            <Method visited="true" cyclomaticComplexity="1" nPathComplexity="0" sequenceCoverage="100" branchCoverage="100" isConstructor="false" isStatic="false" isGetter="false" isSetter="false">
              <Summary numSequencePoints="6" visitedSequencePoints="6" numBranchPoints="1" visitedBranchPoints="1" sequenceCoverage="100" branchCoverage="100" maxCyclomaticComplexity="1" minCyclomaticComplexity="1" visitedClasses="0" numClasses="0" visitedMethods="1" numMethods="1" />
              <MetadataToken>100663303</MetadataToken>
              <Name>System.Void Nicomputer.PokerBot.UnitTests.PokerGame.SeatUnitTests::Seat_Initialize()</Name>
              <FileRef uid="4" />
              <SequencePoints>
                <SequencePoint vc="1" uspid="53" ordinal="0" offset="0" sl="11" sc="9" el="11" ec="10" bec="0" bev="0" fileid="4" />
                <SequencePoint vc="1" uspid="54" ordinal="1" offset="1" sl="12" sc="13" el="12" ec="71" bec="0" bev="0" fileid="4" />
                <SequencePoint vc="1" uspid="55" ordinal="2" offset="26" sl="13" sc="13" el="13" ec="56" bec="0" bev="0" fileid="4" />
                <SequencePoint vc="1" uspid="56" ordinal="3" offset="48" sl="14" sc="13" el="14" ec="43" bec="0" bev="0" fileid="4" />
                <SequencePoint vc="1" uspid="57" ordinal="4" offset="62" sl="15" sc="13" el="15" ec="47" bec="0" bev="0" fileid="4" />
                <SequencePoint vc="1" uspid="58" ordinal="5" offset="75" sl="16" sc="9" el="16" ec="10" bec="0" bev="0" fileid="4" />
              </SequencePoints>
              <BranchPoints />
              <MethodPoint xsi:type="SequencePoint" vc="1" uspid="53" ordinal="0" offset="0" sl="11" sc="9" el="11" ec="10" bec="0" bev="0" fileid="4" />
            </Method>
            <Method visited="true" cyclomaticComplexity="1" nPathComplexity="0" sequenceCoverage="100" branchCoverage="100" isConstructor="false" isStatic="false" isGetter="false" isSetter="false">
              <Summary numSequencePoints="6" visitedSequencePoints="6" numBranchPoints="1" visitedBranchPoints="1" sequenceCoverage="100" branchCoverage="100" maxCyclomaticComplexity="1" minCyclomaticComplexity="1" visitedClasses="0" numClasses="0" visitedMethods="1" numMethods="1" />
              <MetadataToken>100663304</MetadataToken>
              <Name>System.Void Nicomputer.PokerBot.UnitTests.PokerGame.SeatUnitTests::Seat_RemovePlayer_Seat_Is_Empty()</Name>
              <FileRef uid="4" />
              <SequencePoints>
                <SequencePoint vc="1" uspid="59" ordinal="0" offset="0" sl="20" sc="9" el="20" ec="10" bec="0" bev="0" fileid="4" />
                <SequencePoint vc="1" uspid="60" ordinal="1" offset="1" sl="21" sc="13" el="21" ec="71" bec="0" bev="0" fileid="4" />
                <SequencePoint vc="1" uspid="61" ordinal="2" offset="26" sl="22" sc="13" el="22" ec="47" bec="0" bev="0" fileid="4" />
                <SequencePoint vc="1" uspid="62" ordinal="3" offset="39" sl="23" sc="13" el="23" ec="33" bec="0" bev="0" fileid="4" />
                <SequencePoint vc="1" uspid="63" ordinal="4" offset="46" sl="24" sc="13" el="24" ec="46" bec="0" bev="0" fileid="4" />
                <SequencePoint vc="1" uspid="64" ordinal="5" offset="59" sl="25" sc="9" el="25" ec="10" bec="0" bev="0" fileid="4" />
              </SequencePoints>
              <BranchPoints />
              <MethodPoint xsi:type="SequencePoint" vc="1" uspid="59" ordinal="0" offset="0" sl="20" sc="9" el="20" ec="10" bec="0" bev="0" fileid="4" />
            </Method>
            <Method visited="true" cyclomaticComplexity="1" nPathComplexity="0" sequenceCoverage="0" branchCoverage="0" isConstructor="true" isStatic="false" isGetter="false" isSetter="false">
              <Summary numSequencePoints="0" visitedSequencePoints="0" numBranchPoints="0" visitedBranchPoints="0" sequenceCoverage="0" branchCoverage="0" maxCyclomaticComplexity="1" minCyclomaticComplexity="1" visitedClasses="0" numClasses="0" visitedMethods="0" numMethods="0" />
              <MetadataToken>100663305</MetadataToken>
              <Name>System.Void Nicomputer.PokerBot.UnitTests.PokerGame.SeatUnitTests::.ctor()</Name>
              <SequencePoints />
              <BranchPoints />
              <MethodPoint vc="2" uspid="65" ordinal="0" offset="0" />
            </Method>
          </Methods>
        </Class>
        <Class>
          <Summary numSequencePoints="72" visitedSequencePoints="72" numBranchPoints="12" visitedBranchPoints="12" sequenceCoverage="100" branchCoverage="100" maxCyclomaticComplexity="2" minCyclomaticComplexity="1" visitedClasses="1" numClasses="1" visitedMethods="6" numMethods="6" />
          <FullName>Nicomputer.PokerBot.UnitTests.PokerGame.DealerUnitTests</FullName>
          <Methods>
            <Method visited="true" cyclomaticComplexity="2" nPathComplexity="2" sequenceCoverage="100" branchCoverage="100" isConstructor="false" isStatic="false" isGetter="false" isSetter="false">
              <Summary numSequencePoints="17" visitedSequencePoints="17" numBranchPoints="3" visitedBranchPoints="3" sequenceCoverage="100" branchCoverage="100" maxCyclomaticComplexity="2" minCyclomaticComplexity="2" visitedClasses="0" numClasses="0" visitedMethods="1" numMethods="1" />
              <MetadataToken>100663306</MetadataToken>
              <Name>System.Void Nicomputer.PokerBot.UnitTests.PokerGame.DealerUnitTests::Dealer_Deals_Hands_Table_Full()</Name>
              <FileRef uid="5" />
              <SequencePoints>
                <SequencePoint vc="1" uspid="66" ordinal="0" offset="0" sl="11" sc="9" el="11" ec="10" bec="0" bev="0" fileid="5" />
                <SequencePoint vc="1" uspid="67" ordinal="1" offset="1" sl="12" sc="13" el="12" ec="75" bec="0" bev="0" fileid="5" />
                <SequencePoint vc="1" uspid="68" ordinal="2" offset="11" sl="13" sc="13" el="13" ec="40" bec="0" bev="0" fileid="5" />
                <SequencePoint vc="1" uspid="69" ordinal="3" offset="23" sl="14" sc="13" el="14" ec="67" bec="0" bev="0" fileid="5" />
                <SequencePoint vc="1" uspid="70" ordinal="4" offset="46" sl="15" sc="13" el="15" ec="67" bec="0" bev="0" fileid="5" />
                <SequencePoint vc="1" uspid="71" ordinal="5" offset="70" sl="16" sc="13" el="16" ec="38" bec="0" bev="0" fileid="5" />
                <SequencePoint vc="1" uspid="72" ordinal="6" offset="82" sl="17" sc="13" el="17" ec="74" bec="0" bev="0" fileid="5" />
                <SequencePoint vc="1" uspid="73" ordinal="7" offset="111" sl="18" sc="18" el="18" ec="27" bec="0" bev="0" fileid="5" />
                <SequencePoint vc="9" uspid="74" ordinal="8" offset="115" sl="19" sc="13" el="19" ec="14" bec="0" bev="0" fileid="5" />
                <SequencePoint vc="9" uspid="75" ordinal="9" offset="116" sl="20" sc="17" el="20" ec="75" bec="0" bev="0" fileid="5" />
                <SequencePoint vc="9" uspid="76" ordinal="10" offset="148" sl="21" sc="17" el="21" ec="76" bec="0" bev="0" fileid="5" />
                <SequencePoint vc="9" uspid="77" ordinal="11" offset="180" sl="22" sc="13" el="22" ec="14" bec="0" bev="0" fileid="5" />
                <SequencePoint vc="9" uspid="78" ordinal="12" offset="181" sl="18" sc="56" el="18" ec="59" bec="0" bev="0" fileid="5" />
                <SequencePoint vc="10" uspid="79" ordinal="13" offset="185" sl="18" sc="29" el="18" ec="54" bec="2" bev="2" fileid="5" />
                <SequencePoint vc="1" uspid="80" ordinal="14" offset="200" sl="23" sc="13" el="23" ec="97" bec="0" bev="0" fileid="5" />
                <SequencePoint vc="1" uspid="81" ordinal="15" offset="234" sl="24" sc="13" el="24" ec="93" bec="0" bev="0" fileid="5" />
                <SequencePoint vc="1" uspid="82" ordinal="16" offset="268" sl="25" sc="9" el="25" ec="10" bec="0" bev="0" fileid="5" />
              </SequencePoints>
              <BranchPoints>
                <BranchPoint vc="1" uspid="83" ordinal="0" offset="198" sl="18" path="0" offsetend="200" fileid="5" />
                <BranchPoint vc="9" uspid="84" ordinal="1" offset="198" sl="18" path="1" offsetend="115" fileid="5" />
              </BranchPoints>
              <MethodPoint xsi:type="SequencePoint" vc="1" uspid="66" ordinal="0" offset="0" sl="11" sc="9" el="11" ec="10" bec="0" bev="0" fileid="5" />
            </Method>
            <Method visited="true" cyclomaticComplexity="2" nPathComplexity="2" sequenceCoverage="100" branchCoverage="100" isConstructor="false" isStatic="false" isGetter="false" isSetter="false">
              <Summary numSequencePoints="17" visitedSequencePoints="17" numBranchPoints="3" visitedBranchPoints="3" sequenceCoverage="100" branchCoverage="100" maxCyclomaticComplexity="2" minCyclomaticComplexity="2" visitedClasses="0" numClasses="0" visitedMethods="1" numMethods="1" />
              <MetadataToken>100663307</MetadataToken>
              <Name>System.Void Nicomputer.PokerBot.UnitTests.PokerGame.DealerUnitTests::Dealer_Deals_Hands_Table_6()</Name>
              <FileRef uid="5" />
              <SequencePoints>
                <SequencePoint vc="1" uspid="85" ordinal="0" offset="0" sl="29" sc="9" el="29" ec="10" bec="0" bev="0" fileid="5" />
                <SequencePoint vc="1" uspid="86" ordinal="1" offset="1" sl="30" sc="13" el="30" ec="75" bec="0" bev="0" fileid="5" />
                <SequencePoint vc="1" uspid="87" ordinal="2" offset="10" sl="31" sc="13" el="31" ec="40" bec="0" bev="0" fileid="5" />
                <SequencePoint vc="1" uspid="88" ordinal="3" offset="22" sl="32" sc="13" el="32" ec="67" bec="0" bev="0" fileid="5" />
                <SequencePoint vc="1" uspid="89" ordinal="4" offset="45" sl="33" sc="13" el="33" ec="67" bec="0" bev="0" fileid="5" />
                <SequencePoint vc="1" uspid="90" ordinal="5" offset="69" sl="34" sc="13" el="34" ec="38" bec="0" bev="0" fileid="5" />
                <SequencePoint vc="1" uspid="91" ordinal="6" offset="81" sl="35" sc="13" el="35" ec="74" bec="0" bev="0" fileid="5" />
                <SequencePoint vc="1" uspid="92" ordinal="7" offset="110" sl="36" sc="18" el="36" ec="27" bec="0" bev="0" fileid="5" />
                <SequencePoint vc="6" uspid="93" ordinal="8" offset="114" sl="37" sc="13" el="37" ec="14" bec="0" bev="0" fileid="5" />
                <SequencePoint vc="6" uspid="94" ordinal="9" offset="115" sl="38" sc="17" el="38" ec="75" bec="0" bev="0" fileid="5" />
                <SequencePoint vc="6" uspid="95" ordinal="10" offset="147" sl="39" sc="17" el="39" ec="76" bec="0" bev="0" fileid="5" />
                <SequencePoint vc="6" uspid="96" ordinal="11" offset="179" sl="40" sc="13" el="40" ec="14" bec="0" bev="0" fileid="5" />
                <SequencePoint vc="6" uspid="97" ordinal="12" offset="180" sl="36" sc="56" el="36" ec="59" bec="0" bev="0" fileid="5" />
                <SequencePoint vc="7" uspid="98" ordinal="13" offset="184" sl="36" sc="29" el="36" ec="54" bec="2" bev="2" fileid="5" />
                <SequencePoint vc="1" uspid="99" ordinal="14" offset="199" sl="41" sc="13" el="41" ec="97" bec="0" bev="0" fileid="5" />
                <SequencePoint vc="1" uspid="100" ordinal="15" offset="233" sl="42" sc="13" el="42" ec="93" bec="0" bev="0" fileid="5" />
                <SequencePoint vc="1" uspid="101" ordinal="16" offset="267" sl="43" sc="9" el="43" ec="10" bec="0" bev="0" fileid="5" />
              </SequencePoints>
              <BranchPoints>
                <BranchPoint vc="1" uspid="102" ordinal="0" offset="197" sl="36" path="0" offsetend="199" fileid="5" />
                <BranchPoint vc="6" uspid="103" ordinal="1" offset="197" sl="36" path="1" offsetend="114" fileid="5" />
              </BranchPoints>
              <MethodPoint xsi:type="SequencePoint" vc="1" uspid="85" ordinal="0" offset="0" sl="29" sc="9" el="29" ec="10" bec="0" bev="0" fileid="5" />
            </Method>
            <Method visited="true" cyclomaticComplexity="2" nPathComplexity="2" sequenceCoverage="100" branchCoverage="100" isConstructor="false" isStatic="false" isGetter="false" isSetter="false">
              <Summary numSequencePoints="17" visitedSequencePoints="17" numBranchPoints="3" visitedBranchPoints="3" sequenceCoverage="100" branchCoverage="100" maxCyclomaticComplexity="2" minCyclomaticComplexity="2" visitedClasses="0" numClasses="0" visitedMethods="1" numMethods="1" />
              <MetadataToken>100663308</MetadataToken>
              <Name>System.Void Nicomputer.PokerBot.UnitTests.PokerGame.DealerUnitTests::Dealer_Deals_Hands_Table_2()</Name>
              <FileRef uid="5" />
              <SequencePoints>
                <SequencePoint vc="1" uspid="104" ordinal="0" offset="0" sl="47" sc="9" el="47" ec="10" bec="0" bev="0" fileid="5" />
                <SequencePoint vc="1" uspid="105" ordinal="1" offset="1" sl="48" sc="13" el="48" ec="75" bec="0" bev="0" fileid="5" />
                <SequencePoint vc="1" uspid="106" ordinal="2" offset="10" sl="49" sc="13" el="49" ec="40" bec="0" bev="0" fileid="5" />
                <SequencePoint vc="1" uspid="107" ordinal="3" offset="22" sl="50" sc="13" el="50" ec="67" bec="0" bev="0" fileid="5" />
                <SequencePoint vc="1" uspid="108" ordinal="4" offset="45" sl="51" sc="13" el="51" ec="66" bec="0" bev="0" fileid="5" />
                <SequencePoint vc="1" uspid="109" ordinal="5" offset="68" sl="52" sc="13" el="52" ec="38" bec="0" bev="0" fileid="5" />
                <SequencePoint vc="1" uspid="110" ordinal="6" offset="80" sl="53" sc="13" el="53" ec="74" bec="0" bev="0" fileid="5" />
                <SequencePoint vc="1" uspid="111" ordinal="7" offset="109" sl="54" sc="18" el="54" ec="27" bec="0" bev="0" fileid="5" />
                <SequencePoint vc="2" uspid="112" ordinal="8" offset="113" sl="55" sc="13" el="55" ec="14" bec="0" bev="0" fileid="5" />
                <SequencePoint vc="2" uspid="113" ordinal="9" offset="114" sl="56" sc="17" el="56" ec="75" bec="0" bev="0" fileid="5" />
                <SequencePoint vc="2" uspid="114" ordinal="10" offset="146" sl="57" sc="17" el="57" ec="76" bec="0" bev="0" fileid="5" />
                <SequencePoint vc="2" uspid="115" ordinal="11" offset="178" sl="58" sc="13" el="58" ec="14" bec="0" bev="0" fileid="5" />
                <SequencePoint vc="2" uspid="116" ordinal="12" offset="179" sl="54" sc="56" el="54" ec="59" bec="0" bev="0" fileid="5" />
                <SequencePoint vc="3" uspid="117" ordinal="13" offset="183" sl="54" sc="29" el="54" ec="54" bec="2" bev="2" fileid="5" />
                <SequencePoint vc="1" uspid="118" ordinal="14" offset="198" sl="59" sc="13" el="59" ec="95" bec="0" bev="0" fileid="5" />
                <SequencePoint vc="1" uspid="119" ordinal="15" offset="232" sl="60" sc="13" el="60" ec="93" bec="0" bev="0" fileid="5" />
                <SequencePoint vc="1" uspid="120" ordinal="16" offset="266" sl="61" sc="9" el="61" ec="10" bec="0" bev="0" fileid="5" />
              </SequencePoints>
              <BranchPoints>
                <BranchPoint vc="1" uspid="121" ordinal="0" offset="196" sl="54" path="0" offsetend="198" fileid="5" />
                <BranchPoint vc="2" uspid="122" ordinal="1" offset="196" sl="54" path="1" offsetend="113" fileid="5" />
              </BranchPoints>
              <MethodPoint xsi:type="SequencePoint" vc="1" uspid="104" ordinal="0" offset="0" sl="47" sc="9" el="47" ec="10" bec="0" bev="0" fileid="5" />
            </Method>
            <Method visited="true" cyclomaticComplexity="1" nPathComplexity="0" sequenceCoverage="100" branchCoverage="100" isConstructor="false" isStatic="false" isGetter="false" isSetter="false">
              <Summary numSequencePoints="6" visitedSequencePoints="6" numBranchPoints="1" visitedBranchPoints="1" sequenceCoverage="100" branchCoverage="100" maxCyclomaticComplexity="1" minCyclomaticComplexity="1" visitedClasses="0" numClasses="0" visitedMethods="1" numMethods="1" />
              <MetadataToken>100663309</MetadataToken>
              <Name>System.Void Nicomputer.PokerBot.UnitTests.PokerGame.DealerUnitTests::Dealer_Deals_Flop_Table_Full()</Name>
              <FileRef uid="5" />
              <SequencePoints>
                <SequencePoint vc="1" uspid="123" ordinal="0" offset="0" sl="65" sc="9" el="65" ec="10" bec="0" bev="0" fileid="5" />
                <SequencePoint vc="1" uspid="124" ordinal="1" offset="1" sl="66" sc="13" el="66" ec="75" bec="0" bev="0" fileid="5" />
                <SequencePoint vc="1" uspid="125" ordinal="2" offset="11" sl="67" sc="13" el="67" ec="38" bec="0" bev="0" fileid="5" />
                <SequencePoint vc="1" uspid="126" ordinal="3" offset="23" sl="68" sc="13" el="68" ec="37" bec="0" bev="0" fileid="5" />
                <SequencePoint vc="1" uspid="127" ordinal="4" offset="35" sl="69" sc="13" el="69" ec="78" bec="0" bev="0" fileid="5" />
                <SequencePoint vc="1" uspid="128" ordinal="5" offset="64" sl="70" sc="9" el="70" ec="10" bec="0" bev="0" fileid="5" />
              </SequencePoints>
              <BranchPoints />
              <MethodPoint xsi:type="SequencePoint" vc="1" uspid="123" ordinal="0" offset="0" sl="65" sc="9" el="65" ec="10" bec="0" bev="0" fileid="5" />
            </Method>
            <Method visited="true" cyclomaticComplexity="1" nPathComplexity="0" sequenceCoverage="100" branchCoverage="100" isConstructor="false" isStatic="false" isGetter="false" isSetter="false">
              <Summary numSequencePoints="7" visitedSequencePoints="7" numBranchPoints="1" visitedBranchPoints="1" sequenceCoverage="100" branchCoverage="100" maxCyclomaticComplexity="1" minCyclomaticComplexity="1" visitedClasses="0" numClasses="0" visitedMethods="1" numMethods="1" />
              <MetadataToken>100663310</MetadataToken>
              <Name>System.Void Nicomputer.PokerBot.UnitTests.PokerGame.DealerUnitTests::Dealer_Deals_Turn_Table_Full()</Name>
              <FileRef uid="5" />
              <SequencePoints>
                <SequencePoint vc="1" uspid="129" ordinal="0" offset="0" sl="74" sc="9" el="74" ec="10" bec="0" bev="0" fileid="5" />
                <SequencePoint vc="1" uspid="130" ordinal="1" offset="1" sl="75" sc="13" el="75" ec="75" bec="0" bev="0" fileid="5" />
                <SequencePoint vc="1" uspid="131" ordinal="2" offset="11" sl="76" sc="13" el="76" ec="38" bec="0" bev="0" fileid="5" />
                <SequencePoint vc="1" uspid="132" ordinal="3" offset="23" sl="77" sc="13" el="77" ec="37" bec="0" bev="0" fileid="5" />
                <SequencePoint vc="1" uspid="133" ordinal="4" offset="35" sl="78" sc="13" el="78" ec="37" bec="0" bev="0" fileid="5" />
                <SequencePoint vc="1" uspid="134" ordinal="5" offset="47" sl="79" sc="13" el="79" ec="82" bec="0" bev="0" fileid="5" />
                <SequencePoint vc="1" uspid="135" ordinal="6" offset="76" sl="80" sc="9" el="80" ec="10" bec="0" bev="0" fileid="5" />
              </SequencePoints>
              <BranchPoints />
              <MethodPoint xsi:type="SequencePoint" vc="1" uspid="129" ordinal="0" offset="0" sl="74" sc="9" el="74" ec="10" bec="0" bev="0" fileid="5" />
            </Method>
            <Method visited="true" cyclomaticComplexity="1" nPathComplexity="0" sequenceCoverage="100" branchCoverage="100" isConstructor="false" isStatic="false" isGetter="false" isSetter="false">
              <Summary numSequencePoints="8" visitedSequencePoints="8" numBranchPoints="1" visitedBranchPoints="1" sequenceCoverage="100" branchCoverage="100" maxCyclomaticComplexity="1" minCyclomaticComplexity="1" visitedClasses="0" numClasses="0" visitedMethods="1" numMethods="1" />
              <MetadataToken>100663311</MetadataToken>
              <Name>System.Void Nicomputer.PokerBot.UnitTests.PokerGame.DealerUnitTests::Dealer_Deals_River_Table_Full()</Name>
              <FileRef uid="5" />
              <SequencePoints>
                <SequencePoint vc="1" uspid="136" ordinal="0" offset="0" sl="84" sc="9" el="84" ec="10" bec="0" bev="0" fileid="5" />
                <SequencePoint vc="1" uspid="137" ordinal="1" offset="1" sl="85" sc="13" el="85" ec="75" bec="0" bev="0" fileid="5" />
                <SequencePoint vc="1" uspid="138" ordinal="2" offset="11" sl="86" sc="13" el="86" ec="38" bec="0" bev="0" fileid="5" />
                <SequencePoint vc="1" uspid="139" ordinal="3" offset="23" sl="87" sc="13" el="87" ec="37" bec="0" bev="0" fileid="5" />
                <SequencePoint vc="1" uspid="140" ordinal="4" offset="35" sl="88" sc="13" el="88" ec="37" bec="0" bev="0" fileid="5" />
                <SequencePoint vc="1" uspid="141" ordinal="5" offset="47" sl="89" sc="13" el="89" ec="38" bec="0" bev="0" fileid="5" />
                <SequencePoint vc="1" uspid="142" ordinal="6" offset="59" sl="90" sc="13" el="90" ec="86" bec="0" bev="0" fileid="5" />
                <SequencePoint vc="1" uspid="143" ordinal="7" offset="88" sl="91" sc="9" el="91" ec="10" bec="0" bev="0" fileid="5" />
              </SequencePoints>
              <BranchPoints />
              <MethodPoint xsi:type="SequencePoint" vc="1" uspid="136" ordinal="0" offset="0" sl="84" sc="9" el="84" ec="10" bec="0" bev="0" fileid="5" />
            </Method>
            <Method visited="true" cyclomaticComplexity="1" nPathComplexity="0" sequenceCoverage="0" branchCoverage="0" isConstructor="true" isStatic="false" isGetter="false" isSetter="false">
              <Summary numSequencePoints="0" visitedSequencePoints="0" numBranchPoints="0" visitedBranchPoints="0" sequenceCoverage="0" branchCoverage="0" maxCyclomaticComplexity="1" minCyclomaticComplexity="1" visitedClasses="0" numClasses="0" visitedMethods="0" numMethods="0" />
              <MetadataToken>100663312</MetadataToken>
              <Name>System.Void Nicomputer.PokerBot.UnitTests.PokerGame.DealerUnitTests::.ctor()</Name>
              <SequencePoints />
              <BranchPoints />
              <MethodPoint vc="6" uspid="144" ordinal="0" offset="0" />
            </Method>
          </Methods>
        </Class>
        <Class>
          <Summary numSequencePoints="114" visitedSequencePoints="114" numBranchPoints="12" visitedBranchPoints="12" sequenceCoverage="100" branchCoverage="100" maxCyclomaticComplexity="1" minCyclomaticComplexity="1" visitedClasses="1" numClasses="1" visitedMethods="12" numMethods="12" />
          <FullName>Nicomputer.PokerBot.UnitTests.PokerGame.TableUnitTests</FullName>
          <Methods>
            <Method visited="true" cyclomaticComplexity="1" nPathComplexity="0" sequenceCoverage="100" branchCoverage="100" isConstructor="false" isStatic="false" isGetter="false" isSetter="false">
              <Summary numSequencePoints="4" visitedSequencePoints="4" numBranchPoints="1" visitedBranchPoints="1" sequenceCoverage="100" branchCoverage="100" maxCyclomaticComplexity="1" minCyclomaticComplexity="1" visitedClasses="0" numClasses="0" visitedMethods="1" numMethods="1" />
              <MetadataToken>100663313</MetadataToken>
              <Name>System.Void Nicomputer.PokerBot.UnitTests.PokerGame.TableUnitTests::OpenTable_Of_9_With_9_Players()</Name>
              <FileRef uid="6" />
              <SequencePoints>
                <SequencePoint vc="1" uspid="145" ordinal="0" offset="0" sl="14" sc="9" el="14" ec="10" bec="0" bev="0" fileid="6" />
                <SequencePoint vc="1" uspid="146" ordinal="1" offset="1" sl="15" sc="13" el="15" ec="76" bec="0" bev="0" fileid="6" />
                <SequencePoint vc="1" uspid="147" ordinal="2" offset="11" sl="16" sc="13" el="16" ec="59" bec="0" bev="0" fileid="6" />
                <SequencePoint vc="1" uspid="148" ordinal="3" offset="23" sl="17" sc="9" el="17" ec="10" bec="0" bev="0" fileid="6" />
              </SequencePoints>
              <BranchPoints />
              <MethodPoint xsi:type="SequencePoint" vc="1" uspid="145" ordinal="0" offset="0" sl="14" sc="9" el="14" ec="10" bec="0" bev="0" fileid="6" />
            </Method>
            <Method visited="true" cyclomaticComplexity="1" nPathComplexity="0" sequenceCoverage="100" branchCoverage="100" isConstructor="false" isStatic="false" isGetter="false" isSetter="false">
              <Summary numSequencePoints="4" visitedSequencePoints="4" numBranchPoints="1" visitedBranchPoints="1" sequenceCoverage="100" branchCoverage="100" maxCyclomaticComplexity="1" minCyclomaticComplexity="1" visitedClasses="0" numClasses="0" visitedMethods="1" numMethods="1" />
              <MetadataToken>100663314</MetadataToken>
              <Name>System.Void Nicomputer.PokerBot.UnitTests.PokerGame.TableUnitTests::OpenTable_Of_9_With_7_Players()</Name>
              <FileRef uid="6" />
              <SequencePoints>
                <SequencePoint vc="1" uspid="149" ordinal="0" offset="0" sl="22" sc="9" el="22" ec="10" bec="0" bev="0" fileid="6" />
                <SequencePoint vc="1" uspid="150" ordinal="1" offset="1" sl="23" sc="13" el="23" ec="75" bec="0" bev="0" fileid="6" />
                <SequencePoint vc="1" uspid="151" ordinal="2" offset="10" sl="24" sc="13" el="24" ec="59" bec="0" bev="0" fileid="6" />
                <SequencePoint vc="1" uspid="152" ordinal="3" offset="21" sl="25" sc="9" el="25" ec="10" bec="0" bev="0" fileid="6" />
              </SequencePoints>
              <BranchPoints />
              <MethodPoint xsi:type="SequencePoint" vc="1" uspid="149" ordinal="0" offset="0" sl="22" sc="9" el="22" ec="10" bec="0" bev="0" fileid="6" />
            </Method>
            <Method visited="true" cyclomaticComplexity="1" nPathComplexity="0" sequenceCoverage="100" branchCoverage="100" isConstructor="false" isStatic="false" isGetter="false" isSetter="false">
              <Summary numSequencePoints="4" visitedSequencePoints="4" numBranchPoints="1" visitedBranchPoints="1" sequenceCoverage="100" branchCoverage="100" maxCyclomaticComplexity="1" minCyclomaticComplexity="1" visitedClasses="0" numClasses="0" visitedMethods="1" numMethods="1" />
              <MetadataToken>100663315</MetadataToken>
              <Name>System.Void Nicomputer.PokerBot.UnitTests.PokerGame.TableUnitTests::OpenTable_Of_9_With_0_Players()</Name>
              <FileRef uid="6" />
              <SequencePoints>
                <SequencePoint vc="1" uspid="153" ordinal="0" offset="0" sl="30" sc="9" el="30" ec="10" bec="0" bev="0" fileid="6" />
                <SequencePoint vc="1" uspid="154" ordinal="1" offset="1" sl="31" sc="13" el="31" ec="75" bec="0" bev="0" fileid="6" />
                <SequencePoint vc="1" uspid="155" ordinal="2" offset="10" sl="32" sc="13" el="32" ec="59" bec="0" bev="0" fileid="6" />
                <SequencePoint vc="1" uspid="156" ordinal="3" offset="21" sl="33" sc="9" el="33" ec="10" bec="0" bev="0" fileid="6" />
              </SequencePoints>
              <BranchPoints />
              <MethodPoint xsi:type="SequencePoint" vc="1" uspid="153" ordinal="0" offset="0" sl="30" sc="9" el="30" ec="10" bec="0" bev="0" fileid="6" />
            </Method>
            <Method visited="true" cyclomaticComplexity="1" nPathComplexity="0" sequenceCoverage="100" branchCoverage="100" isConstructor="false" isStatic="false" isGetter="false" isSetter="false">
              <Summary numSequencePoints="11" visitedSequencePoints="11" numBranchPoints="1" visitedBranchPoints="1" sequenceCoverage="100" branchCoverage="100" maxCyclomaticComplexity="1" minCyclomaticComplexity="1" visitedClasses="0" numClasses="0" visitedMethods="1" numMethods="1" />
              <MetadataToken>100663316</MetadataToken>
              <Name>System.Void Nicomputer.PokerBot.UnitTests.PokerGame.TableUnitTests::CloseTable_Of_9_Players()</Name>
              <FileRef uid="6" />
              <SequencePoints>
                <SequencePoint vc="1" uspid="157" ordinal="0" offset="0" sl="38" sc="9" el="38" ec="10" bec="0" bev="0" fileid="6" />
                <SequencePoint vc="1" uspid="158" ordinal="1" offset="1" sl="39" sc="13" el="39" ec="75" bec="0" bev="0" fileid="6" />
                <SequencePoint vc="1" uspid="159" ordinal="2" offset="11" sl="40" sc="13" el="40" ec="27" bec="0" bev="0" fileid="6" />
                <SequencePoint vc="1" uspid="160" ordinal="3" offset="18" sl="41" sc="13" el="41" ec="45" bec="0" bev="0" fileid="6" />
                <SequencePoint vc="1" uspid="161" ordinal="4" offset="32" sl="42" sc="13" el="42" ec="52" bec="0" bev="0" fileid="6" />
                <SequencePoint vc="1" uspid="162" ordinal="5" offset="45" sl="43" sc="13" el="43" ec="58" bec="0" bev="0" fileid="6" />
                <SequencePoint vc="1" uspid="163" ordinal="6" offset="58" sl="44" sc="13" el="44" ec="48" bec="0" bev="0" fileid="6" />
                <SequencePoint vc="1" uspid="164" ordinal="7" offset="77" sl="45" sc="13" el="45" ec="54" bec="0" bev="0" fileid="6" />
                <SequencePoint vc="1" uspid="165" ordinal="8" offset="93" sl="46" sc="13" el="46" ec="49" bec="0" bev="0" fileid="6" />
                <SequencePoint vc="1" uspid="166" ordinal="9" offset="106" sl="47" sc="13" el="47" ec="48" bec="0" bev="0" fileid="6" />
                <SequencePoint vc="1" uspid="167" ordinal="10" offset="124" sl="48" sc="9" el="48" ec="10" bec="0" bev="0" fileid="6" />
              </SequencePoints>
              <BranchPoints />
              <MethodPoint xsi:type="SequencePoint" vc="1" uspid="157" ordinal="0" offset="0" sl="38" sc="9" el="38" ec="10" bec="0" bev="0" fileid="6" />
            </Method>
            <Method visited="true" cyclomaticComplexity="1" nPathComplexity="0" sequenceCoverage="100" branchCoverage="100" isConstructor="false" isStatic="false" isGetter="false" isSetter="false">
              <Summary numSequencePoints="6" visitedSequencePoints="6" numBranchPoints="1" visitedBranchPoints="1" sequenceCoverage="100" branchCoverage="100" maxCyclomaticComplexity="1" minCyclomaticComplexity="1" visitedClasses="0" numClasses="0" visitedMethods="1" numMethods="1" />
              <MetadataToken>100663317</MetadataToken>
              <Name>System.Void Nicomputer.PokerBot.UnitTests.PokerGame.TableUnitTests::InitialPositions_Table_Of_9_Players()</Name>
              <FileRef uid="6" />
              <SequencePoints>
                <SequencePoint vc="1" uspid="168" ordinal="0" offset="0" sl="53" sc="9" el="53" ec="10" bec="0" bev="0" fileid="6" />
                <SequencePoint vc="1" uspid="169" ordinal="1" offset="1" sl="54" sc="13" el="54" ec="75" bec="0" bev="0" fileid="6" />
                <SequencePoint vc="1" uspid="170" ordinal="2" offset="11" sl="55" sc="13" el="55" ec="51" bec="0" bev="0" fileid="6" />
                <SequencePoint vc="1" uspid="171" ordinal="3" offset="24" sl="56" sc="13" el="56" ec="55" bec="0" bev="0" fileid="6" />
                <SequencePoint vc="1" uspid="172" ordinal="4" offset="37" sl="57" sc="13" el="57" ec="53" bec="0" bev="0" fileid="6" />
                <SequencePoint vc="1" uspid="173" ordinal="5" offset="50" sl="58" sc="9" el="58" ec="10" bec="0" bev="0" fileid="6" />
              </SequencePoints>
              <BranchPoints />
              <MethodPoint xsi:type="SequencePoint" vc="1" uspid="168" ordinal="0" offset="0" sl="53" sc="9" el="53" ec="10" bec="0" bev="0" fileid="6" />
            </Method>
            <Method visited="true" cyclomaticComplexity="1" nPathComplexity="0" sequenceCoverage="100" branchCoverage="100" isConstructor="false" isStatic="false" isGetter="false" isSetter="false">
              <Summary numSequencePoints="6" visitedSequencePoints="6" numBranchPoints="1" visitedBranchPoints="1" sequenceCoverage="100" branchCoverage="100" maxCyclomaticComplexity="1" minCyclomaticComplexity="1" visitedClasses="0" numClasses="0" visitedMethods="1" numMethods="1" />
              <MetadataToken>100663318</MetadataToken>
              <Name>System.Void Nicomputer.PokerBot.UnitTests.PokerGame.TableUnitTests::InitialPositions_Table_Of_2_Players()</Name>
              <FileRef uid="6" />
              <SequencePoints>
                <SequencePoint vc="1" uspid="174" ordinal="0" offset="0" sl="63" sc="9" el="63" ec="10" bec="0" bev="0" fileid="6" />
                <SequencePoint vc="1" uspid="175" ordinal="1" offset="1" sl="64" sc="13" el="64" ec="75" bec="0" bev="0" fileid="6" />
                <SequencePoint vc="1" uspid="176" ordinal="2" offset="10" sl="65" sc="13" el="65" ec="51" bec="0" bev="0" fileid="6" />
                <SequencePoint vc="1" uspid="177" ordinal="3" offset="23" sl="66" sc="13" el="66" ec="55" bec="0" bev="0" fileid="6" />
                <SequencePoint vc="1" uspid="178" ordinal="4" offset="36" sl="67" sc="13" el="67" ec="53" bec="0" bev="0" fileid="6" />
                <SequencePoint vc="1" uspid="179" ordinal="5" offset="49" sl="68" sc="9" el="68" ec="10" bec="0" bev="0" fileid="6" />
              </SequencePoints>
              <BranchPoints />
              <MethodPoint xsi:type="SequencePoint" vc="1" uspid="174" ordinal="0" offset="0" sl="63" sc="9" el="63" ec="10" bec="0" bev="0" fileid="6" />
            </Method>
            <Method visited="true" cyclomaticComplexity="1" nPathComplexity="0" sequenceCoverage="100" branchCoverage="100" isConstructor="false" isStatic="false" isGetter="false" isSetter="false">
              <Summary numSequencePoints="10" visitedSequencePoints="10" numBranchPoints="1" visitedBranchPoints="1" sequenceCoverage="100" branchCoverage="100" maxCyclomaticComplexity="1" minCyclomaticComplexity="1" visitedClasses="0" numClasses="0" visitedMethods="1" numMethods="1" />
              <MetadataToken>100663319</MetadataToken>
              <Name>System.Void Nicomputer.PokerBot.UnitTests.PokerGame.TableUnitTests::UpdatePositions_Table_Of_2_Players()</Name>
              <FileRef uid="6" />
              <SequencePoints>
                <SequencePoint vc="1" uspid="180" ordinal="0" offset="0" sl="73" sc="9" el="73" ec="10" bec="0" bev="0" fileid="6" />
                <SequencePoint vc="1" uspid="181" ordinal="1" offset="1" sl="74" sc="13" el="74" ec="75" bec="0" bev="0" fileid="6" />
                <SequencePoint vc="1" uspid="182" ordinal="2" offset="10" sl="75" sc="13" el="75" ec="51" bec="0" bev="0" fileid="6" />
                <SequencePoint vc="1" uspid="183" ordinal="3" offset="23" sl="76" sc="13" el="76" ec="55" bec="0" bev="0" fileid="6" />
                <SequencePoint vc="1" uspid="184" ordinal="4" offset="36" sl="77" sc="13" el="77" ec="53" bec="0" bev="0" fileid="6" />
                <SequencePoint vc="1" uspid="185" ordinal="5" offset="49" sl="78" sc="13" el="78" ec="37" bec="0" bev="0" fileid="6" />
                <SequencePoint vc="1" uspid="186" ordinal="6" offset="56" sl="79" sc="13" el="79" ec="51" bec="0" bev="0" fileid="6" />
                <SequencePoint vc="1" uspid="187" ordinal="7" offset="69" sl="80" sc="13" el="80" ec="55" bec="0" bev="0" fileid="6" />
                <SequencePoint vc="1" uspid="188" ordinal="8" offset="82" sl="81" sc="13" el="81" ec="53" bec="0" bev="0" fileid="6" />
                <SequencePoint vc="1" uspid="189" ordinal="9" offset="95" sl="82" sc="9" el="82" ec="10" bec="0" bev="0" fileid="6" />
              </SequencePoints>
              <BranchPoints />
              <MethodPoint xsi:type="SequencePoint" vc="1" uspid="180" ordinal="0" offset="0" sl="73" sc="9" el="73" ec="10" bec="0" bev="0" fileid="6" />
            </Method>
            <Method visited="true" cyclomaticComplexity="1" nPathComplexity="0" sequenceCoverage="100" branchCoverage="100" isConstructor="false" isStatic="false" isGetter="false" isSetter="false">
              <Summary numSequencePoints="8" visitedSequencePoints="8" numBranchPoints="1" visitedBranchPoints="1" sequenceCoverage="100" branchCoverage="100" maxCyclomaticComplexity="1" minCyclomaticComplexity="1" visitedClasses="0" numClasses="0" visitedMethods="1" numMethods="1" />
              <MetadataToken>100663320</MetadataToken>
              <Name>System.Void Nicomputer.PokerBot.UnitTests.PokerGame.TableUnitTests::Table_WithEmptySeat_AddPlayer_Is_Ok()</Name>
              <FileRef uid="6" />
              <SequencePoints>
                <SequencePoint vc="1" uspid="190" ordinal="0" offset="0" sl="89" sc="9" el="89" ec="10" bec="0" bev="0" fileid="6" />
                <SequencePoint vc="1" uspid="191" ordinal="1" offset="1" sl="90" sc="13" el="90" ec="75" bec="0" bev="0" fileid="6" />
                <SequencePoint vc="1" uspid="192" ordinal="2" offset="10" sl="91" sc="13" el="91" ec="58" bec="0" bev="0" fileid="6" />
                <SequencePoint vc="1" uspid="193" ordinal="3" offset="23" sl="92" sc="13" el="92" ec="52" bec="0" bev="0" fileid="6" />
                <SequencePoint vc="1" uspid="194" ordinal="4" offset="36" sl="93" sc="13" el="93" ec="67" bec="0" bev="0" fileid="6" />
                <SequencePoint vc="1" uspid="195" ordinal="5" offset="60" sl="94" sc="13" el="94" ec="58" bec="0" bev="0" fileid="6" />
                <SequencePoint vc="1" uspid="196" ordinal="6" offset="73" sl="95" sc="13" el="95" ec="52" bec="0" bev="0" fileid="6" />
                <SequencePoint vc="1" uspid="197" ordinal="7" offset="86" sl="96" sc="9" el="96" ec="10" bec="0" bev="0" fileid="6" />
              </SequencePoints>
              <BranchPoints />
              <MethodPoint xsi:type="SequencePoint" vc="1" uspid="190" ordinal="0" offset="0" sl="89" sc="9" el="89" ec="10" bec="0" bev="0" fileid="6" />
            </Method>
            <Method visited="true" cyclomaticComplexity="1" nPathComplexity="0" sequenceCoverage="100" branchCoverage="100" isConstructor="false" isStatic="false" isGetter="false" isSetter="false">
              <Summary numSequencePoints="6" visitedSequencePoints="6" numBranchPoints="1" visitedBranchPoints="1" sequenceCoverage="100" branchCoverage="100" maxCyclomaticComplexity="1" minCyclomaticComplexity="1" visitedClasses="0" numClasses="0" visitedMethods="1" numMethods="1" />
              <MetadataToken>100663321</MetadataToken>
              <Name>System.Void Nicomputer.PokerBot.UnitTests.PokerGame.TableUnitTests::Table_Full_AddPlayer_Is_Not_Ok()</Name>
              <FileRef uid="6" />
              <SequencePoints>
                <SequencePoint vc="1" uspid="198" ordinal="0" offset="6" sl="100" sc="9" el="100" ec="10" bec="0" bev="0" fileid="6" />
                <SequencePoint vc="1" uspid="199" ordinal="1" offset="7" sl="101" sc="13" el="101" ec="75" bec="0" bev="0" fileid="6" />
                <SequencePoint vc="1" uspid="200" ordinal="2" offset="22" sl="102" sc="13" el="102" ec="58" bec="0" bev="0" fileid="6" />
                <SequencePoint vc="1" uspid="201" ordinal="3" offset="41" sl="103" sc="13" el="103" ec="52" bec="0" bev="0" fileid="6" />
                <SequencePoint vc="1" uspid="202" ordinal="4" offset="60" sl="104" sc="13" el="104" ec="115" bec="0" bev="0" fileid="6" />
                <SequencePoint vc="1" uspid="203" ordinal="5" offset="78" sl="105" sc="9" el="105" ec="10" bec="0" bev="0" fileid="6" />
              </SequencePoints>
              <BranchPoints />
              <MethodPoint vc="1" uspid="204" ordinal="0" offset="0" />
            </Method>
            <Method visited="true" cyclomaticComplexity="1" nPathComplexity="0" sequenceCoverage="100" branchCoverage="100" isConstructor="false" isStatic="false" isGetter="false" isSetter="false">
              <Summary numSequencePoints="10" visitedSequencePoints="10" numBranchPoints="1" visitedBranchPoints="1" sequenceCoverage="100" branchCoverage="100" maxCyclomaticComplexity="1" minCyclomaticComplexity="1" visitedClasses="0" numClasses="0" visitedMethods="1" numMethods="1" />
              <MetadataToken>100663322</MetadataToken>
              <Name>System.Void Nicomputer.PokerBot.UnitTests.PokerGame.TableUnitTests::AssertTableHasProperlyBeenOpened(Nicomputer.PokerBot.PokerGame.Table,System.Int32,System.Int32)</Name>
              <FileRef uid="6" />
              <SequencePoints>
                <SequencePoint vc="3" uspid="205" ordinal="0" offset="0" sl="110" sc="9" el="110" ec="10" bec="0" bev="0" fileid="6" />
                <SequencePoint vc="3" uspid="206" ordinal="1" offset="1" sl="111" sc="13" el="111" ec="52" bec="0" bev="0" fileid="6" />
                <SequencePoint vc="3" uspid="207" ordinal="2" offset="14" sl="112" sc="13" el="112" ec="63" bec="0" bev="0" fileid="6" />
                <SequencePoint vc="3" uspid="208" ordinal="3" offset="27" sl="113" sc="13" el="113" ec="69" bec="0" bev="0" fileid="6" />
                <SequencePoint vc="3" uspid="209" ordinal="4" offset="40" sl="114" sc="13" el="114" ec="55" bec="0" bev="0" fileid="6" />
                <SequencePoint vc="3" uspid="210" ordinal="5" offset="58" sl="115" sc="13" el="115" ec="54" bec="0" bev="0" fileid="6" />
                <SequencePoint vc="3" uspid="211" ordinal="6" offset="74" sl="116" sc="13" el="116" ec="48" bec="0" bev="0" fileid="6" />
                <SequencePoint vc="3" uspid="212" ordinal="7" offset="87" sl="117" sc="13" el="117" ec="48" bec="0" bev="0" fileid="6" />
                <SequencePoint vc="3" uspid="213" ordinal="8" offset="105" sl="118" sc="13" el="118" ec="41" bec="0" bev="0" fileid="6" />
                <SequencePoint vc="3" uspid="214" ordinal="9" offset="118" sl="119" sc="9" el="119" ec="10" bec="0" bev="0" fileid="6" />
              </SequencePoints>
              <BranchPoints />
              <MethodPoint xsi:type="SequencePoint" vc="3" uspid="205" ordinal="0" offset="0" sl="110" sc="9" el="110" ec="10" bec="0" bev="0" fileid="6" />
            </Method>
            <Method visited="true" cyclomaticComplexity="1" nPathComplexity="0" sequenceCoverage="100" branchCoverage="100" isConstructor="false" isStatic="false" isGetter="false" isSetter="false">
              <Summary numSequencePoints="19" visitedSequencePoints="19" numBranchPoints="1" visitedBranchPoints="1" sequenceCoverage="100" branchCoverage="100" maxCyclomaticComplexity="1" minCyclomaticComplexity="1" visitedClasses="0" numClasses="0" visitedMethods="1" numMethods="1" />
              <MetadataToken>100663323</MetadataToken>
              <Name>System.Void Nicomputer.PokerBot.UnitTests.PokerGame.TableUnitTests::OccupiedSeats_Table_Of_9_Players()</Name>
              <FileRef uid="6" />
              <SequencePoints>
                <SequencePoint vc="1" uspid="215" ordinal="0" offset="0" sl="125" sc="9" el="125" ec="10" bec="0" bev="0" fileid="6" />
                <SequencePoint vc="1" uspid="216" ordinal="1" offset="1" sl="126" sc="13" el="126" ec="75" bec="0" bev="0" fileid="6" />
                <SequencePoint vc="1" uspid="217" ordinal="2" offset="11" sl="127" sc="13" el="127" ec="76" bec="0" bev="0" fileid="6" />
                <SequencePoint vc="1" uspid="218" ordinal="3" offset="18" sl="128" sc="13" el="128" ec="50" bec="0" bev="0" fileid="6" />
                <SequencePoint vc="1" uspid="219" ordinal="4" offset="32" sl="129" sc="13" el="129" ec="91" bec="0" bev="0" fileid="6" />
                <SequencePoint vc="1" uspid="220" ordinal="5" offset="55" sl="130" sc="13" el="130" ec="93" bec="0" bev="0" fileid="6" />
                <SequencePoint vc="1" uspid="221" ordinal="6" offset="78" sl="131" sc="13" el="131" ec="71" bec="0" bev="0" fileid="6" />
                <SequencePoint vc="1" uspid="222" ordinal="7" offset="97" sl="132" sc="13" el="132" ec="73" bec="0" bev="0" fileid="6" />
                <SequencePoint vc="1" uspid="223" ordinal="8" offset="104" sl="133" sc="13" el="133" ec="72" bec="0" bev="0" fileid="6" />
                <SequencePoint vc="1" uspid="224" ordinal="9" offset="123" sl="134" sc="13" el="134" ec="37" bec="0" bev="0" fileid="6" />
                <SequencePoint vc="1" uspid="225" ordinal="10" offset="130" sl="135" sc="13" el="135" ec="72" bec="0" bev="0" fileid="6" />
                <SequencePoint vc="1" uspid="226" ordinal="11" offset="137" sl="136" sc="13" el="136" ec="95" bec="0" bev="0" fileid="6" />
                <SequencePoint vc="1" uspid="227" ordinal="12" offset="161" sl="137" sc="13" el="137" ec="97" bec="0" bev="0" fileid="6" />
                <SequencePoint vc="1" uspid="228" ordinal="13" offset="185" sl="138" sc="13" el="138" ec="75" bec="0" bev="0" fileid="6" />
                <SequencePoint vc="1" uspid="229" ordinal="14" offset="205" sl="139" sc="13" el="139" ec="73" bec="0" bev="0" fileid="6" />
                <SequencePoint vc="1" uspid="230" ordinal="15" offset="214" sl="140" sc="13" el="140" ec="73" bec="0" bev="0" fileid="6" />
                <SequencePoint vc="1" uspid="231" ordinal="16" offset="221" sl="141" sc="13" el="141" ec="76" bec="0" bev="0" fileid="6" />
                <SequencePoint vc="1" uspid="232" ordinal="17" offset="241" sl="142" sc="13" el="142" ec="75" bec="0" bev="0" fileid="6" />
                <SequencePoint vc="1" uspid="233" ordinal="18" offset="250" sl="143" sc="9" el="143" ec="10" bec="0" bev="0" fileid="6" />
              </SequencePoints>
              <BranchPoints />
              <MethodPoint xsi:type="SequencePoint" vc="1" uspid="215" ordinal="0" offset="0" sl="125" sc="9" el="125" ec="10" bec="0" bev="0" fileid="6" />
            </Method>
            <Method visited="true" cyclomaticComplexity="1" nPathComplexity="0" sequenceCoverage="100" branchCoverage="100" isConstructor="false" isStatic="false" isGetter="false" isSetter="false">
              <Summary numSequencePoints="26" visitedSequencePoints="26" numBranchPoints="1" visitedBranchPoints="1" sequenceCoverage="100" branchCoverage="100" maxCyclomaticComplexity="1" minCyclomaticComplexity="1" visitedClasses="0" numClasses="0" visitedMethods="1" numMethods="1" />
              <MetadataToken>100663324</MetadataToken>
              <Name>System.Void Nicomputer.PokerBot.UnitTests.PokerGame.TableUnitTests::OccupiedSeats_Table_Of_2_Players()</Name>
              <FileRef uid="6" />
              <SequencePoints>
                <SequencePoint vc="1" uspid="234" ordinal="0" offset="0" sl="149" sc="9" el="149" ec="10" bec="0" bev="0" fileid="6" />
                <SequencePoint vc="1" uspid="235" ordinal="1" offset="1" sl="150" sc="13" el="150" ec="75" bec="0" bev="0" fileid="6" />
                <SequencePoint vc="1" uspid="236" ordinal="2" offset="10" sl="152" sc="13" el="152" ec="76" bec="0" bev="0" fileid="6" />
                <SequencePoint vc="1" uspid="237" ordinal="3" offset="17" sl="153" sc="13" el="153" ec="67" bec="0" bev="0" fileid="6" />
                <SequencePoint vc="1" uspid="238" ordinal="4" offset="24" sl="154" sc="13" el="154" ec="50" bec="0" bev="0" fileid="6" />
                <SequencePoint vc="1" uspid="239" ordinal="5" offset="37" sl="155" sc="13" el="155" ec="91" bec="0" bev="0" fileid="6" />
                <SequencePoint vc="1" uspid="240" ordinal="6" offset="60" sl="156" sc="13" el="156" ec="93" bec="0" bev="0" fileid="6" />
                <SequencePoint vc="1" uspid="241" ordinal="7" offset="84" sl="157" sc="13" el="157" ec="71" bec="0" bev="0" fileid="6" />
                <SequencePoint vc="1" uspid="242" ordinal="8" offset="103" sl="158" sc="13" el="158" ec="70" bec="0" bev="0" fileid="6" />
                <SequencePoint vc="1" uspid="243" ordinal="9" offset="121" sl="159" sc="13" el="159" ec="73" bec="0" bev="0" fileid="6" />
                <SequencePoint vc="1" uspid="244" ordinal="10" offset="128" sl="160" sc="13" el="160" ec="64" bec="0" bev="0" fileid="6" />
                <SequencePoint vc="1" uspid="245" ordinal="11" offset="135" sl="161" sc="13" el="161" ec="72" bec="0" bev="0" fileid="6" />
                <SequencePoint vc="1" uspid="246" ordinal="12" offset="155" sl="162" sc="13" el="162" ec="71" bec="0" bev="0" fileid="6" />
                <SequencePoint vc="1" uspid="247" ordinal="13" offset="174" sl="164" sc="13" el="164" ec="37" bec="0" bev="0" fileid="6" />
                <SequencePoint vc="1" uspid="248" ordinal="14" offset="181" sl="166" sc="13" el="166" ec="72" bec="0" bev="0" fileid="6" />
                <SequencePoint vc="1" uspid="249" ordinal="15" offset="188" sl="167" sc="13" el="167" ec="95" bec="0" bev="0" fileid="6" />
                <SequencePoint vc="1" uspid="250" ordinal="16" offset="212" sl="168" sc="13" el="168" ec="97" bec="0" bev="0" fileid="6" />
                <SequencePoint vc="1" uspid="251" ordinal="17" offset="236" sl="169" sc="13" el="169" ec="75" bec="0" bev="0" fileid="6" />
                <SequencePoint vc="1" uspid="252" ordinal="18" offset="256" sl="170" sc="13" el="170" ec="70" bec="0" bev="0" fileid="6" />
                <SequencePoint vc="1" uspid="253" ordinal="19" offset="274" sl="171" sc="13" el="171" ec="73" bec="0" bev="0" fileid="6" />
                <SequencePoint vc="1" uspid="254" ordinal="20" offset="283" sl="172" sc="13" el="172" ec="73" bec="0" bev="0" fileid="6" />
                <SequencePoint vc="1" uspid="255" ordinal="21" offset="290" sl="173" sc="13" el="173" ec="64" bec="0" bev="0" fileid="6" />
                <SequencePoint vc="1" uspid="256" ordinal="22" offset="297" sl="174" sc="13" el="174" ec="76" bec="0" bev="0" fileid="6" />
                <SequencePoint vc="1" uspid="257" ordinal="23" offset="317" sl="175" sc="13" el="175" ec="75" bec="0" bev="0" fileid="6" />
                <SequencePoint vc="1" uspid="258" ordinal="24" offset="336" sl="176" sc="13" el="176" ec="75" bec="0" bev="0" fileid="6" />
                <SequencePoint vc="1" uspid="259" ordinal="25" offset="346" sl="177" sc="9" el="177" ec="10" bec="0" bev="0" fileid="6" />
              </SequencePoints>
              <BranchPoints />
              <MethodPoint xsi:type="SequencePoint" vc="1" uspid="234" ordinal="0" offset="0" sl="149" sc="9" el="149" ec="10" bec="0" bev="0" fileid="6" />
            </Method>
            <Method visited="true" cyclomaticComplexity="1" nPathComplexity="0" sequenceCoverage="0" branchCoverage="0" isConstructor="true" isStatic="false" isGetter="false" isSetter="false">
              <Summary numSequencePoints="0" visitedSequencePoints="0" numBranchPoints="0" visitedBranchPoints="0" sequenceCoverage="0" branchCoverage="0" maxCyclomaticComplexity="1" minCyclomaticComplexity="1" visitedClasses="0" numClasses="0" visitedMethods="0" numMethods="0" />
              <MetadataToken>100663325</MetadataToken>
              <Name>System.Void Nicomputer.PokerBot.UnitTests.PokerGame.TableUnitTests::.ctor()</Name>
              <SequencePoints />
              <BranchPoints />
              <MethodPoint vc="11" uspid="260" ordinal="0" offset="0" />
            </Method>
          </Methods>
        </Class>
        <Class>
          <Summary numSequencePoints="1" visitedSequencePoints="1" numBranchPoints="1" visitedBranchPoints="1" sequenceCoverage="100" branchCoverage="100" maxCyclomaticComplexity="1" minCyclomaticComplexity="1" visitedClasses="1" numClasses="1" visitedMethods="1" numMethods="1" />
          <FullName>Nicomputer.PokerBot.UnitTests.PokerGame.TableUnitTests/&lt;&gt;c__DisplayClass8_0</FullName>
          <Methods>
            <Method visited="true" cyclomaticComplexity="1" nPathComplexity="0" sequenceCoverage="0" branchCoverage="0" isConstructor="true" isStatic="false" isGetter="false" isSetter="false">
              <Summary numSequencePoints="0" visitedSequencePoints="0" numBranchPoints="0" visitedBranchPoints="0" sequenceCoverage="0" branchCoverage="0" maxCyclomaticComplexity="1" minCyclomaticComplexity="1" visitedClasses="0" numClasses="0" visitedMethods="0" numMethods="0" />
              <MetadataToken>100663496</MetadataToken>
              <Name>System.Void Nicomputer.PokerBot.UnitTests.PokerGame.TableUnitTests/&lt;&gt;c__DisplayClass8_0::.ctor()</Name>
              <SequencePoints />
              <BranchPoints />
              <MethodPoint vc="1" uspid="261" ordinal="0" offset="0" />
            </Method>
            <Method visited="true" cyclomaticComplexity="1" nPathComplexity="0" sequenceCoverage="100" branchCoverage="100" isConstructor="false" isStatic="false" isGetter="false" isSetter="false">
              <Summary numSequencePoints="1" visitedSequencePoints="1" numBranchPoints="1" visitedBranchPoints="1" sequenceCoverage="100" branchCoverage="100" maxCyclomaticComplexity="1" minCyclomaticComplexity="1" visitedClasses="0" numClasses="0" visitedMethods="1" numMethods="1" />
              <MetadataToken>100663497</MetadataToken>
              <Name>System.Void Nicomputer.PokerBot.UnitTests.PokerGame.TableUnitTests/&lt;&gt;c__DisplayClass8_0::&lt;Table_Full_AddPlayer_Is_Not_Ok&gt;b__0()</Name>
              <FileRef uid="6" />
              <SequencePoints>
                <SequencePoint vc="1" uspid="262" ordinal="0" offset="0" sl="104" sc="60" el="104" ec="113" bec="0" bev="0" fileid="6" />
              </SequencePoints>
              <BranchPoints />
              <MethodPoint xsi:type="SequencePoint" vc="1" uspid="262" ordinal="0" offset="0" sl="104" sc="60" el="104" ec="113" bec="0" bev="0" fileid="6" />
            </Method>
          </Methods>
        </Class>
        <Class>
          <Summary numSequencePoints="0" visitedSequencePoints="0" numBranchPoints="0" visitedBranchPoints="0" sequenceCoverage="0" branchCoverage="0" maxCyclomaticComplexity="1" minCyclomaticComplexity="1" visitedClasses="0" numClasses="0" visitedMethods="0" numMethods="0" />
          <FullName>Nicomputer.PokerBot.UnitTests.PokerGame.Actions.PlayerAction</FullName>
          <Methods>
            <Method visited="false" cyclomaticComplexity="1" nPathComplexity="0" sequenceCoverage="0" branchCoverage="0" isConstructor="true" isStatic="false" isGetter="false" isSetter="false">
[...]
              <FileRef uid="90" />
              <SequencePoints>
                <SequencePoint vc="29" uspid="3221" ordinal="0" offset="0" sl="14" sc="9" el="14" ec="36" bec="0" bev="0" fileid="90" />
                <SequencePoint vc="29" uspid="3222" ordinal="1" offset="7" sl="15" sc="9" el="15" ec="10" bec="0" bev="0" fileid="90" />
                <SequencePoint vc="29" uspid="3223" ordinal="2" offset="8" sl="16" sc="13" el="16" ec="31" bec="0" bev="0" fileid="90" />
                <SequencePoint vc="29" uspid="3224" ordinal="3" offset="15" sl="17" sc="13" el="17" ec="45" bec="0" bev="0" fileid="90" />
                <SequencePoint vc="29" uspid="3225" ordinal="4" offset="27" sl="18" sc="9" el="18" ec="10" bec="0" bev="0" fileid="90" />
              </SequencePoints>
              <BranchPoints />
              <MethodPoint xsi:type="SequencePoint" vc="29" uspid="3221" ordinal="0" offset="0" sl="14" sc="9" el="14" ec="36" bec="0" bev="0" fileid="90" />
            </Method>
            <Method visited="true" cyclomaticComplexity="3" nPathComplexity="0" sequenceCoverage="100" branchCoverage="100" isConstructor="true" isStatic="false" isGetter="false" isSetter="false">
              <Summary numSequencePoints="14" visitedSequencePoints="14" numBranchPoints="1" visitedBranchPoints="1" sequenceCoverage="100" branchCoverage="100" maxCyclomaticComplexity="3" minCyclomaticComplexity="3" visitedClasses="0" numClasses="0" visitedMethods="1" numMethods="1" />
              <MetadataToken>100663441</MetadataToken>
              <Name>System.Void Nicomputer.PokerBot.Cards.Hands.PokerHand::.ctor(Nicomputer.PokerBot.Cards.HoleCards,Nicomputer.PokerBot.Cards.CardsCollection)</Name>
              <FileRef uid="90" />
              <SequencePoints>
                <SequencePoint vc="24" uspid="3226" ordinal="0" offset="0" sl="20" sc="9" el="20" ec="69" bec="0" bev="0" fileid="90" />
                <SequencePoint vc="24" uspid="3227" ordinal="1" offset="7" sl="21" sc="9" el="21" ec="10" bec="0" bev="0" fileid="90" />
                <SequencePoint vc="24" uspid="3228" ordinal="2" offset="8" sl="22" sc="13" el="22" ec="35" bec="0" bev="0" fileid="90" />
                <SequencePoint vc="24" uspid="3229" ordinal="3" offset="15" sl="23" sc="13" el="23" ec="27" bec="0" bev="0" fileid="90" />
                <SequencePoint vc="24" uspid="3230" ordinal="4" offset="23" sl="24" sc="13" el="24" ec="45" bec="0" bev="0" fileid="90" />
                <SequencePoint vc="24" uspid="3231" ordinal="5" offset="35" sl="25" sc="13" el="25" ec="20" bec="0" bev="0" fileid="90" />
                <SequencePoint vc="24" uspid="3232" ordinal="6" offset="36" sl="25" sc="34" el="25" ec="39" bec="0" bev="0" fileid="90" />
                <SequencePoint vc="120" uspid="3233" ordinal="7" offset="50" sl="25" sc="22" el="25" ec="30" bec="0" bev="0" fileid="90" />
                <SequencePoint vc="120" uspid="3234" ordinal="8" offset="57" sl="26" sc="13" el="26" ec="14" bec="0" bev="0" fileid="90" />
                <SequencePoint vc="120" uspid="3235" ordinal="9" offset="58" sl="27" sc="17" el="27" ec="67" bec="0" bev="0" fileid="90" />
                <SequencePoint vc="120" uspid="3236" ordinal="10" offset="82" sl="28" sc="13" el="28" ec="14" bec="0" bev="0" fileid="90" />
                <SequencePoint vc="144" uspid="3237" ordinal="11" offset="83" sl="25" sc="31" el="25" ec="33" bec="0" bev="0" fileid="90" />
                <SequencePoint vc="24" uspid="3238" ordinal="12" offset="104" sl="29" sc="13" el="29" ec="45" bec="0" bev="0" fileid="90" />
                <SequencePoint vc="24" uspid="3239" ordinal="13" offset="116" sl="30" sc="9" el="30" ec="10" bec="0" bev="0" fileid="90" />
              </SequencePoints>
              <BranchPoints />
              <MethodPoint xsi:type="SequencePoint" vc="24" uspid="3226" ordinal="0" offset="0" sl="20" sc="9" el="20" ec="69" bec="0" bev="0" fileid="90" />
            </Method>
            <Method visited="true" cyclomaticComplexity="4" nPathComplexity="8" sequenceCoverage="100" branchCoverage="100" isConstructor="false" isStatic="false" isGetter="false" isSetter="false">
              <Summary numSequencePoints="16" visitedSequencePoints="16" numBranchPoints="7" visitedBranchPoints="7" sequenceCoverage="100" branchCoverage="100" maxCyclomaticComplexity="4" minCyclomaticComplexity="4" visitedClasses="0" numClasses="0" visitedMethods="1" numMethods="1" />
              <MetadataToken>100663442</MetadataToken>
              <Name>System.Int32 Nicomputer.PokerBot.Cards.Hands.PokerHand::CompareTo(Nicomputer.PokerBot.Cards.Hands.PokerHand)</Name>
              <FileRef uid="90" />
              <SequencePoints>
                <SequencePoint vc="65" uspid="3242" ordinal="0" offset="0" sl="38" sc="9" el="38" ec="10" bec="0" bev="0" fileid="90" />
                <SequencePoint vc="65" uspid="3243" ordinal="1" offset="1" sl="39" sc="13" el="39" ec="61" bec="0" bev="0" fileid="90" />
                <SequencePoint vc="65" uspid="3244" ordinal="2" offset="30" sl="40" sc="13" el="40" ec="29" bec="2" bev="2" fileid="90" />
                <SequencePoint vc="29" uspid="3245" ordinal="3" offset="38" sl="41" sc="13" el="41" ec="14" bec="0" bev="0" fileid="90" />
                <SequencePoint vc="29" uspid="3246" ordinal="4" offset="39" sl="42" sc="17" el="42" ec="31" bec="0" bev="0" fileid="90" />
                <SequencePoint vc="36" uspid="3247" ordinal="5" offset="43" sl="44" sc="18" el="44" ec="27" bec="0" bev="0" fileid="90" />
                <SequencePoint vc="59" uspid="3248" ordinal="6" offset="47" sl="45" sc="13" el="45" ec="14" bec="0" bev="0" fileid="90" />
                <SequencePoint vc="59" uspid="3249" ordinal="7" offset="48" sl="46" sc="17" el="46" ec="70" bec="0" bev="0" fileid="90" />
                <SequencePoint vc="59" uspid="3250" ordinal="8" offset="80" sl="47" sc="17" el="47" ec="33" bec="2" bev="2" fileid="90" />
                <SequencePoint vc="29" uspid="3251" ordinal="9" offset="90" sl="48" sc="17" el="48" ec="18" bec="0" bev="0" fileid="90" />
                <SequencePoint vc="29" uspid="3252" ordinal="10" offset="91" sl="49" sc="21" el="49" ec="27" bec="0" bev="0" fileid="90" />
                <SequencePoint vc="30" uspid="3253" ordinal="11" offset="93" sl="52" sc="13" el="52" ec="14" bec="0" bev="0" fileid="90" />
                <SequencePoint vc="30" uspid="3254" ordinal="12" offset="94" sl="44" sc="48" el="44" ec="51" bec="0" bev="0" fileid="90" />
                <SequencePoint vc="66" uspid="3255" ordinal="13" offset="98" sl="44" sc="29" el="44" ec="46" bec="2" bev="2" fileid="90" />
                <SequencePoint vc="36" uspid="3256" ordinal="14" offset="118" sl="53" sc="13" el="53" ec="27" bec="0" bev="0" fileid="90" />
                <SequencePoint vc="65" uspid="3257" ordinal="15" offset="122" sl="54" sc="9" el="54" ec="10" bec="0" bev="0" fileid="90" />
              </SequencePoints>
              <BranchPoints>
                <BranchPoint vc="29" uspid="3258" ordinal="0" offset="36" sl="40" path="0" offsetend="38" fileid="90" />
                <BranchPoint vc="36" uspid="3259" ordinal="1" offset="36" sl="40" path="1" offsetend="43" fileid="90" />
                <BranchPoint vc="29" uspid="3260" ordinal="2" offset="88" sl="47" path="0" offsetend="90" fileid="90" />
                <BranchPoint vc="30" uspid="3261" ordinal="3" offset="88" sl="47" path="1" offsetend="93" fileid="90" />
                <BranchPoint vc="7" uspid="3262" ordinal="4" offset="116" sl="44" path="0" offsetend="118" fileid="90" />
                <BranchPoint vc="59" uspid="3263" ordinal="5" offset="116" sl="44" path="1" offsetend="47" fileid="90" />
              </BranchPoints>
              <MethodPoint xsi:type="SequencePoint" vc="65" uspid="3242" ordinal="0" offset="0" sl="38" sc="9" el="38" ec="10" bec="0" bev="0" fileid="90" />
            </Method>
            <Method visited="true" cyclomaticComplexity="3" nPathComplexity="2" sequenceCoverage="100" branchCoverage="66.67" isConstructor="false" isStatic="false" isGetter="false" isSetter="false">
              <Summary numSequencePoints="4" visitedSequencePoints="4" numBranchPoints="3" visitedBranchPoints="2" sequenceCoverage="100" branchCoverage="66.67" maxCyclomaticComplexity="3" minCyclomaticComplexity="3" visitedClasses="0" numClasses="0" visitedMethods="1" numMethods="1" />
              <MetadataToken>100663443</MetadataToken>
              <Name>System.Boolean Nicomputer.PokerBot.Cards.Hands.PokerHand::Equals(System.Object)</Name>
              <FileRef uid="90" />
              <SequencePoints>
                <SequencePoint vc="16" uspid="3264" ordinal="0" offset="0" sl="57" sc="9" el="57" ec="10" bec="0" bev="0" fileid="90" />
                <SequencePoint vc="16" uspid="3265" ordinal="1" offset="1" sl="58" sc="13" el="58" ec="37" bec="0" bev="0" fileid="90" />
                <SequencePoint vc="16" uspid="3266" ordinal="2" offset="8" sl="59" sc="13" el="59" ec="45" bec="2" bev="1" fileid="90" />
                <SequencePoint vc="16" uspid="3267" ordinal="3" offset="27" sl="60" sc="9" el="60" ec="10" bec="0" bev="0" fileid="90" />
              </SequencePoints>
              <BranchPoints>
                <BranchPoint vc="0" uspid="3268" ordinal="0" offset="9" sl="59" path="0" offsetend="11" fileid="90" />
                <BranchPoint vc="16" uspid="3269" ordinal="1" offset="9" sl="59" path="1" offsetend="14" fileid="90" />
              </BranchPoints>
              <MethodPoint xsi:type="SequencePoint" vc="16" uspid="3264" ordinal="0" offset="0" sl="57" sc="9" el="57" ec="10" bec="0" bev="0" fileid="90" />
            </Method>
            <Method visited="false" cyclomaticComplexity="1" nPathComplexity="0" sequenceCoverage="0" branchCoverage="0" isConstructor="false" isStatic="false" isGetter="false" isSetter="false">
              <Summary numSequencePoints="3" visitedSequencePoints="0" numBranchPoints="1" visitedBranchPoints="0" sequenceCoverage="0" branchCoverage="0" maxCyclomaticComplexity="1" minCyclomaticComplexity="1" visitedClasses="0" numClasses="0" visitedMethods="0" numMethods="1" />
              <MetadataToken>100663444</MetadataToken>
              <Name>System.Int32 Nicomputer.PokerBot.Cards.Hands.PokerHand::GetHashCode()</Name>
              <FileRef uid="90" />
              <SequencePoints>
                <SequencePoint vc="0" uspid="3270" ordinal="0" offset="0" sl="63" sc="9" el="63" ec="10" bec="0" bev="0" fileid="90" />
                <SequencePoint vc="0" uspid="3271" ordinal="1" offset="1" sl="64" sc="13" el="64" ec="48" bec="0" bev="0" fileid="90" />
                <SequencePoint vc="0" uspid="3272" ordinal="2" offset="15" sl="65" sc="9" el="65" ec="10" bec="0" bev="0" fileid="90" />
              </SequencePoints>
              <BranchPoints />
              <MethodPoint xsi:type="SequencePoint" vc="0" uspid="3270" ordinal="0" offset="0" sl="63" sc="9" el="63" ec="10" bec="0" bev="0" fileid="90" />
            </Method>
            <Method visited="true" cyclomaticComplexity="1" nPathComplexity="0" sequenceCoverage="100" branchCoverage="100" isConstructor="false" isStatic="false" isGetter="false" isSetter="false">
              <Summary numSequencePoints="3" visitedSequencePoints="3" numBranchPoints="1" visitedBranchPoints="1" sequenceCoverage="100" branchCoverage="100" maxCyclomaticComplexity="1" minCyclomaticComplexity="1" visitedClasses="0" numClasses="0" visitedMethods="1" numMethods="1" />
              <MetadataToken>100663445</MetadataToken>
              <Name>System.Int64 Nicomputer.PokerBot.Cards.Hands.PokerHand::ToLong()</Name>
              <FileRef uid="90" />
              <SequencePoints>
                <SequencePoint vc="259" uspid="3273" ordinal="0" offset="0" sl="68" sc="9" el="68" ec="10" bec="0" bev="0" fileid="90" />
                <SequencePoint vc="259" uspid="3274" ordinal="1" offset="1" sl="69" sc="13" el="69" ec="31" bec="0" bev="0" fileid="90" />
                <SequencePoint vc="259" uspid="3275" ordinal="2" offset="10" sl="70" sc="9" el="70" ec="10" bec="0" bev="0" fileid="90" />
              </SequencePoints>
              <BranchPoints />
              <MethodPoint xsi:type="SequencePoint" vc="259" uspid="3273" ordinal="0" offset="0" sl="68" sc="9" el="68" ec="10" bec="0" bev="0" fileid="90" />
            </Method>
            <Method visited="false" cyclomaticComplexity="1" nPathComplexity="0" sequenceCoverage="0" branchCoverage="0" isConstructor="false" isStatic="false" isGetter="false" isSetter="false">
              <Summary numSequencePoints="3" visitedSequencePoints="0" numBranchPoints="1" visitedBranchPoints="0" sequenceCoverage="0" branchCoverage="0" maxCyclomaticComplexity="1" minCyclomaticComplexity="1" visitedClasses="0" numClasses="0" visitedMethods="0" numMethods="1" />
              <MetadataToken>100663446</MetadataToken>
              <Name>System.String Nicomputer.PokerBot.Cards.Hands.PokerHand::ToString()</Name>
              <FileRef uid="90" />
              <SequencePoints>
                <SequencePoint vc="0" uspid="3276" ordinal="0" offset="0" sl="73" sc="9" el="73" ec="10" bec="0" bev="0" fileid="90" />
                <SequencePoint vc="0" uspid="3277" ordinal="1" offset="1" sl="74" sc="13" el="74" ec="98" bec="0" bev="0" fileid="90" />
                <SequencePoint vc="0" uspid="3278" ordinal="2" offset="37" sl="75" sc="9" el="75" ec="10" bec="0" bev="0" fileid="90" />
              </SequencePoints>
              <BranchPoints />
              <MethodPoint xsi:type="SequencePoint" vc="0" uspid="3276" ordinal="0" offset="0" sl="73" sc="9" el="73" ec="10" bec="0" bev="0" fileid="90" />
            </Method>
          </Methods>
        </Class>
        <Class>
          <Summary numSequencePoints="14" visitedSequencePoints="14" numBranchPoints="4" visitedBranchPoints="4" sequenceCoverage="100" branchCoverage="100" maxCyclomaticComplexity="2" minCyclomaticComplexity="1" visitedClasses="1" numClasses="1" visitedMethods="2" numMethods="2" />
          <FullName>Nicomputer.PokerBot.Cards.Hands.StraightFlush</FullName>
          <Methods>
            <Method visited="true" cyclomaticComplexity="1" nPathComplexity="0" sequenceCoverage="100" branchCoverage="100" isConstructor="true" isStatic="false" isGetter="false" isSetter="false">
              <Summary numSequencePoints="4" visitedSequencePoints="4" numBranchPoints="1" visitedBranchPoints="1" sequenceCoverage="100" branchCoverage="100" maxCyclomaticComplexity="1" minCyclomaticComplexity="1" visitedClasses="0" numClasses="0" visitedMethods="1" numMethods="1" />
              <MetadataToken>100663447</MetadataToken>
              <Name>System.Void Nicomputer.PokerBot.Cards.Hands.StraightFlush::.ctor()</Name>
              <FileRef uid="91" />
              <SequencePoints>
                <SequencePoint vc="5" uspid="3279" ordinal="0" offset="0" sl="6" sc="9" el="6" ec="32" bec="0" bev="0" fileid="91" />
                <SequencePoint vc="5" uspid="3280" ordinal="1" offset="7" sl="7" sc="9" el="7" ec="10" bec="0" bev="0" fileid="91" />
                <SequencePoint vc="5" uspid="3281" ordinal="2" offset="8" sl="8" sc="13" el="8" ec="65" bec="0" bev="0" fileid="91" />
                <SequencePoint vc="5" uspid="3282" ordinal="3" offset="15" sl="9" sc="9" el="9" ec="10" bec="0" bev="0" fileid="91" />
              </SequencePoints>
              <BranchPoints />
              <MethodPoint xsi:type="SequencePoint" vc="5" uspid="3279" ordinal="0" offset="0" sl="6" sc="9" el="6" ec="32" bec="0" bev="0" fileid="91" />
            </Method>
            <Method visited="true" cyclomaticComplexity="2" nPathComplexity="2" sequenceCoverage="100" branchCoverage="100" isConstructor="false" isStatic="false" isGetter="false" isSetter="false">
              <Summary numSequencePoints="10" visitedSequencePoints="10" numBranchPoints="3" visitedBranchPoints="3" sequenceCoverage="100" branchCoverage="100" maxCyclomaticComplexity="2" minCyclomaticComplexity="2" visitedClasses="0" numClasses="0" visitedMethods="1" numMethods="1" />
              <MetadataToken>100663448</MetadataToken>
              <Name>System.Boolean Nicomputer.PokerBot.Cards.Hands.StraightFlush::Parse(Nicomputer.PokerBot.Cards.Hands.PokerHand)</Name>
              <FileRef uid="91" />
              <SequencePoints>
                <SequencePoint vc="39" uspid="3283" ordinal="0" offset="0" sl="12" sc="9" el="12" ec="10" bec="0" bev="0" fileid="91" />
                <SequencePoint vc="39" uspid="3284" ordinal="1" offset="1" sl="13" sc="13" el="13" ec="32" bec="0" bev="0" fileid="91" />
                <SequencePoint vc="39" uspid="3285" ordinal="2" offset="3" sl="14" sc="13" el="14" ec="67" bec="2" bev="2" fileid="91" />
                <SequencePoint vc="16" uspid="3286" ordinal="3" offset="18" sl="15" sc="13" el="15" ec="14" bec="0" bev="0" fileid="91" />
                <SequencePoint vc="16" uspid="3287" ordinal="4" offset="19" sl="16" sc="17" el="16" ec="31" bec="0" bev="0" fileid="91" />
                <SequencePoint vc="16" uspid="3288" ordinal="5" offset="21" sl="17" sc="17" el="17" ec="47" bec="0" bev="0" fileid="91" />
                <SequencePoint vc="16" uspid="3289" ordinal="6" offset="33" sl="18" sc="17" el="18" ec="75" bec="0" bev="0" fileid="91" />
                <SequencePoint vc="16" uspid="3290" ordinal="7" offset="57" sl="19" sc="13" el="19" ec="14" bec="0" bev="0" fileid="91" />
                <SequencePoint vc="39" uspid="3291" ordinal="8" offset="58" sl="20" sc="13" el="20" ec="27" bec="0" bev="0" fileid="91" />
                <SequencePoint vc="39" uspid="3292" ordinal="9" offset="62" sl="21" sc="9" el="21" ec="10" bec="0" bev="0" fileid="91" />
              </SequencePoints>
              <BranchPoints>
                <BranchPoint vc="16" uspid="3293" ordinal="0" offset="16" sl="14" path="0" offsetend="18" fileid="91" />
                <BranchPoint vc="23" uspid="3294" ordinal="1" offset="16" sl="14" path="1" offsetend="58" fileid="91" />
              </BranchPoints>
              <MethodPoint xsi:type="SequencePoint" vc="39" uspid="3283" ordinal="0" offset="0" sl="12" sc="9" el="12" ec="10" bec="0" bev="0" fileid="91" />
            </Method>
          </Methods>
        </Class>
      </Classes>
    </Module>
    <Module skippedDueTo="Filter" hash="07-45-D5-E5-64-A5-50-1F-70-A0-AC-85-75-89-96-B5-69-A5-81-0F">
      <ModulePath>C:\Users\nicolas.rose\Documents\Repositories\PokerBot\PokerBotUnitTests\bin\Debug\xunit.assert.dll</ModulePath>
      <ModuleTime>2015-09-27T14:34:24Z</ModuleTime>
      <ModuleName>xunit.assert</ModuleName>
      <Classes />
    </Module>
    <Module skippedDueTo="Filter" hash="0F-EB-E4-2E-D6-32-D1-A7-37-3F-99-82-7D-F5-9B-6D-BA-5E-6E-9C">
      <ModulePath>C:\Windows\Microsoft.Net\assembly\GAC_MSIL\System.Reflection\v4.0_4.0.0.0__b03f5f7f11d50a3a\System.Reflection.dll</ModulePath>
      <ModuleTime>2015-10-30T07:19:36.283896Z</ModuleTime>
      <ModuleName>System.Reflection</ModuleName>
      <Classes />
    </Module>
    <Module skippedDueTo="Filter" hash="05-17-DF-AC-99-ED-5F-0A-7A-E8-E6-CB-11-3D-E0-0B-D1-E4-59-C7">
      <ModulePath>C:\Windows\Microsoft.Net\assembly\GAC_MSIL\System.Runtime.Extensions\v4.0_4.0.0.0__b03f5f7f11d50a3a\System.Runtime.Extensions.dll</ModulePath>
      <ModuleTime>2015-10-30T07:19:38.0495167Z</ModuleTime>
      <ModuleName>System.Runtime.Extensions</ModuleName>
      <Classes />
    </Module>
    <Module skippedDueTo="Filter" hash="87-5E-1B-34-4F-70-D8-45-86-28-52-07-1E-E8-7E-25-87-5D-76-9B">
      <ModulePath>C:\Windows\Microsoft.Net\assembly\GAC_MSIL\System.Linq\v4.0_4.0.0.0__b03f5f7f11d50a3a\System.Linq.dll</ModulePath>
      <ModuleTime>2015-10-30T07:19:31.4714116Z</ModuleTime>
      <ModuleName>System.Linq</ModuleName>
      <Classes />
    </Module>
  </Modules>
</CoverageSession>